#
# There is insufficient memory for the Java Runtime Environment to continue.
# Native memory allocation (mmap) failed to map 85983232 bytes for Failed to commit area from 0x00000000aca00000 to 0x00000000b1c00000 of length 85983232.
# Possible reasons:
#   The system is out of physical RAM or swap space
#   The process is running with CompressedOops enabled, and the Java Heap may be blocking the growth of the native heap
# Possible solutions:
#   Reduce memory load on the system
#   Increase physical memory or swap space
#   Check if swap backing store is full
#   Decrease Java heap size (-Xmx/-Xms)
#   Decrease number of Java threads
#   Decrease Java thread stack sizes (-Xss)
#   Set larger code cache with -XX:ReservedCodeCacheSize=
#   JVM is running with Unscaled Compressed Oops mode in which the Java heap is
#     placed in the first 4GB address space. The Java Heap base address is the
#     maximum limit for the native heap growth. Please use -XX:HeapBaseMinAddress
#     to set the Java Heap base and to place the Java Heap above 4GB virtual address.
# This output file may be truncated or incomplete.
#
#  Out of Memory Error (t:/workspace/open/src/hotspot/os/windows/os_windows.cpp:3269), pid=14512, tid=16768
#
# JRE version: OpenJDK Runtime Environment (11.0.2+9) (build 11.0.2+9)
# Java VM: OpenJDK 64-Bit Server VM (11.0.2+9, mixed mode, tiered, compressed oops, g1 gc, windows-amd64)
# No core dump will be written. Minidumps are not enabled by default on client versions of Windows
#

---------------  S U M M A R Y ------------

Command Line: -Dcom.sun.management.jmxremote -Dcom.sun.management.jmxremote.port=49838 -Dcom.sun.management.jmxremote.authenticate=false -Dcom.sun.management.jmxremote.ssl=false -Djava.rmi.server.hostname=localhost -Dspring.jmx.enabled=true -Dspring.liveBeansView.mbeanDomain -Dspring.application.admin.enabled=true -XX:TieredStopAtLevel=1 -Dspring.boot.project.name=bpmnModelPoc -Dfile.encoding=UTF-8 com.camunda.bpmn.modelpoc.Application --spring.output.ansi.enabled=always

Host: Intel(R) Xeon(R) Gold 6240 CPU @ 2.60GHz, 2 cores, 5G,  Windows 10 , 64 bit Build 19041 (10.0.19041.3031)
Time: Tue Jul  4 15:51:32 2023 Indien Normalzeit elapsed time: 38 seconds (0d 0h 0m 38s)

---------------  T H R E A D  ---------------

Current thread (0x00000292ffeae000):  VMThread "VM Thread" [stack: 0x00000093f3b00000,0x00000093f3c00000] [id=16768]

Stack: [0x00000093f3b00000,0x00000093f3c00000]
[error occurred during error reporting (printing stack bounds), id 0xc0000005, EXCEPTION_ACCESS_VIOLATION (0xc0000005) at pc=0x0000029280000bad]

Native frames: (J=compiled Java code, j=interpreted, Vv=VM code, C=native code)
V  [jvm.dll+0x63489a]
V  [jvm.dll+0x771f9f]
V  [jvm.dll+0x773648]
V  [jvm.dll+0x773c65]
V  [jvm.dll+0x773c1b]
V  [jvm.dll+0x633fa6]
V  [jvm.dll+0x634368]
C  [ntdll.dll+0xa247f]
C  [ntdll.dll+0x514f4]
C  [ntdll.dll+0xa0f8e]
C  0x0000029280000bad

VM_Operation (0x00000093f35fb8c0): G1CollectForAllocation, mode: safepoint, requested by thread 0x00000292f71ee800


---------------  P R O C E S S  ---------------

Threads class SMR info:
_java_thread_list=0x000002929958ca10, length=20, elements={
0x00000292f71ee800, 0x00000292ffeb6800, 0x00000292ffeb8000, 0x0000029294860800,
0x0000029294861800, 0x0000029294862800, 0x0000029294881000, 0x00000292ffe46000,
0x00000292949d2800, 0x0000029295117000, 0x0000029295159000, 0x00000292951c3000,
0x0000029298692800, 0x0000029298693000, 0x0000029296db0800, 0x00000292949a0800,
0x00000292966c4800, 0x00000292966c5000, 0x0000029299300000, 0x00000292992fe800
}

Java Threads: ( => current thread )
  0x00000292f71ee800 JavaThread "main" [_thread_blocked, id=11296, stack(0x00000093f3500000,0x00000093f3600000)]
  0x00000292ffeb6800 JavaThread "Reference Handler" daemon [_thread_blocked, id=10824, stack(0x00000093f3c00000,0x00000093f3d00000)]
  0x00000292ffeb8000 JavaThread "Finalizer" daemon [_thread_blocked, id=11240, stack(0x00000093f3d00000,0x00000093f3e00000)]
  0x0000029294860800 JavaThread "Signal Dispatcher" daemon [_thread_blocked, id=17168, stack(0x00000093f3e00000,0x00000093f3f00000)]
  0x0000029294861800 JavaThread "Attach Listener" daemon [_thread_blocked, id=5568, stack(0x00000093f3f00000,0x00000093f4000000)]
  0x0000029294862800 JavaThread "C1 CompilerThread0" daemon [_thread_blocked, id=5096, stack(0x00000093f4000000,0x00000093f4100000)]
  0x0000029294881000 JavaThread "Sweeper thread" daemon [_thread_blocked, id=4232, stack(0x00000093f4100000,0x00000093f4200000)]
  0x00000292ffe46000 JavaThread "Common-Cleaner" daemon [_thread_blocked, id=5468, stack(0x00000093f4200000,0x00000093f4300000)]
  0x00000292949d2800 JavaThread "Service Thread" daemon [_thread_blocked, id=11776, stack(0x00000093f4300000,0x00000093f4400000)]
  0x0000029295117000 JavaThread "RMI TCP Accept-0" daemon [_thread_in_native, id=2300, stack(0x00000093f4500000,0x00000093f4600000)]
  0x0000029295159000 JavaThread "RMI TCP Accept-49838" daemon [_thread_in_native, id=17084, stack(0x00000093f4600000,0x00000093f4700000)]
  0x00000292951c3000 JavaThread "RMI TCP Accept-0" daemon [_thread_in_native, id=8860, stack(0x00000093f4700000,0x00000093f4800000)]
  0x0000029298692800 JavaThread "FetchAndLockHandlerImpl" [_thread_blocked, id=2696, stack(0x00000093f4a00000,0x00000093f4b00000)]
  0x0000029298693000 JavaThread "Catalina-utility-1" [_thread_blocked, id=15204, stack(0x00000093f4b00000,0x00000093f4c00000)]
  0x0000029296db0800 JavaThread "Catalina-utility-2" [_thread_blocked, id=15520, stack(0x00000093f4c00000,0x00000093f4d00000)]
  0x00000292949a0800 JavaThread "container-0" [_thread_blocked, id=16556, stack(0x00000093f4d00000,0x00000093f4e00000)]
  0x00000292966c4800 JavaThread "MVStore background writer C:/Users/Tushar.Panchbude/OneDrive - Vodafone Group/Dokumente/localDev/bpmnModelPoc/camunda-h2-database.mv.db" daemon [_thread_blocked, id=14872, stack(0x00000093f4e00000,0x00000093f4f00000)]
  0x00000292966c5000 JavaThread "HikariPool-1 housekeeper" daemon [_thread_blocked, id=16632, stack(0x00000093f4f00000,0x00000093f5000000)]
  0x0000029299300000 JavaThread "H2-serialization" daemon [_thread_blocked, id=7816, stack(0x00000093f5100000,0x00000093f5200000)]
  0x00000292992fe800 JavaThread "H2-save" daemon [_thread_blocked, id=9336, stack(0x00000093f5200000,0x00000093f5300000)]

Other Threads:
=>0x00000292ffeae000 VMThread "VM Thread" [stack: 0x00000093f3b00000,0x00000093f3c00000] [id=16768]
  0x00000292951c4800 WatcherThread [stack: 0x00000093f4800000,0x00000093f4900000] [id=8340]
  0x00000292f7203000 GCTaskThread "GC Thread#0" [stack: 0x00000093f3600000,0x00000093f3700000] [id=488]
  0x0000029294bf9800 GCTaskThread "GC Thread#1" [stack: 0x00000093f4400000,0x00000093f4500000] [id=8696]
  0x00000292f7228000 ConcurrentGCThread "G1 Main Marker" [stack: 0x00000093f3700000,0x00000093f3800000] [id=17284]
  0x00000292f722a800 ConcurrentGCThread "G1 Conc#0" [stack: 0x00000093f3800000,0x00000093f3900000] [id=14620]
  0x00000292ffcf3800 ConcurrentGCThread "G1 Refine#0" [stack: 0x00000093f3900000,0x00000093f3a00000] [id=12436]
  0x00000292ffcf5800 ConcurrentGCThread "G1 Young RemSet Sampling" [stack: 0x00000093f3a00000,0x00000093f3b00000] [id=14324]

Threads with active compile tasks:

VM state:at safepoint (normal execution)

VM Mutex/Monitor currently owned by a thread:  ([mutex/lock_event])
[0x00000292f71eb850] Threads_lock - owner thread: 0x00000292ffeae000
[0x00000292f71ea5c0] Heap_lock - owner thread: 0x00000292f71ee800

Heap address: 0x00000000a0000000, size: 1536 MB, Compressed Oops mode: 32-bit
Narrow klass base: 0x0000000000000000, Narrow klass shift: 3
Compressed class space size: 1073741824 Address: 0x0000000100000000

Heap:
 garbage-first heap   total 290816K, used 77312K [0x00000000a0000000, 0x0000000100000000)
  region size 1024K, 6 young (6144K), 6 survivors (6144K)
 Metaspace       used 71930K, capacity 73413K, committed 73520K, reserved 1114112K
  class space    used 9227K, capacity 9836K, committed 9856K, reserved 1048576K
Heap Regions: E=young(eden), S=young(survivor), O=old, HS=humongous(starts), HC=humongous(continues), CS=collection set, F=free, A=archive, TAMS=top-at-mark-start (previous, next)
|   0|0x00000000a0000000, 0x00000000a0100000, 0x00000000a0100000|100%| O|  |TAMS 0x00000000a0100000, 0x00000000a0000000| Untracked 
|   1|0x00000000a0100000, 0x00000000a0200000, 0x00000000a0200000|100%| O|  |TAMS 0x00000000a0200000, 0x00000000a0100000| Untracked 
|   2|0x00000000a0200000, 0x00000000a0300000, 0x00000000a0300000|100%| O|  |TAMS 0x00000000a0300000, 0x00000000a0200000| Untracked 
|   3|0x00000000a0300000, 0x00000000a0400000, 0x00000000a0400000|100%| O|  |TAMS 0x00000000a0400000, 0x00000000a0300000| Untracked 
|   4|0x00000000a0400000, 0x00000000a0500000, 0x00000000a0500000|100%| O|  |TAMS 0x00000000a0500000, 0x00000000a0400000| Untracked 
|   5|0x00000000a0500000, 0x00000000a0600000, 0x00000000a0600000|100%| O|  |TAMS 0x00000000a0600000, 0x00000000a0500000| Untracked 
|   6|0x00000000a0600000, 0x00000000a0700000, 0x00000000a0700000|100%| O|  |TAMS 0x00000000a0700000, 0x00000000a0600000| Untracked 
|   7|0x00000000a0700000, 0x00000000a0800000, 0x00000000a0800000|100%| O|  |TAMS 0x00000000a0800000, 0x00000000a0700000| Untracked 
|   8|0x00000000a0800000, 0x00000000a0900000, 0x00000000a0900000|100%| O|  |TAMS 0x00000000a0900000, 0x00000000a0800000| Untracked 
|   9|0x00000000a0900000, 0x00000000a0a00000, 0x00000000a0a00000|100%| O|  |TAMS 0x00000000a0a00000, 0x00000000a0900000| Untracked 
|  10|0x00000000a0a00000, 0x00000000a0b00000, 0x00000000a0b00000|100%| O|  |TAMS 0x00000000a0b00000, 0x00000000a0a00000| Untracked 
|  11|0x00000000a0b00000, 0x00000000a0c00000, 0x00000000a0c00000|100%| O|  |TAMS 0x00000000a0c00000, 0x00000000a0b00000| Untracked 
|  12|0x00000000a0c00000, 0x00000000a0d00000, 0x00000000a0d00000|100%| O|  |TAMS 0x00000000a0d00000, 0x00000000a0c00000| Untracked 
|  13|0x00000000a0d00000, 0x00000000a0e00000, 0x00000000a0e00000|100%| O|  |TAMS 0x00000000a0e00000, 0x00000000a0d00000| Untracked 
|  14|0x00000000a0e00000, 0x00000000a0f00000, 0x00000000a0f00000|100%| O|  |TAMS 0x00000000a0f00000, 0x00000000a0e00000| Untracked 
|  15|0x00000000a0f00000, 0x00000000a1000000, 0x00000000a1000000|100%| O|  |TAMS 0x00000000a1000000, 0x00000000a0f00000| Untracked 
|  16|0x00000000a1000000, 0x00000000a1100000, 0x00000000a1100000|100%| O|  |TAMS 0x00000000a1100000, 0x00000000a1000000| Untracked 
|  17|0x00000000a1100000, 0x00000000a1200000, 0x00000000a1200000|100%| O|  |TAMS 0x00000000a1200000, 0x00000000a1100000| Untracked 
|  18|0x00000000a1200000, 0x00000000a1300000, 0x00000000a1300000|100%| O|  |TAMS 0x00000000a1300000, 0x00000000a1200000| Untracked 
|  19|0x00000000a1300000, 0x00000000a1400000, 0x00000000a1400000|100%| O|  |TAMS 0x00000000a1400000, 0x00000000a1300000| Untracked 
|  20|0x00000000a1400000, 0x00000000a1500000, 0x00000000a1500000|100%| O|  |TAMS 0x00000000a1500000, 0x00000000a1400000| Untracked 
|  21|0x00000000a1500000, 0x00000000a1600000, 0x00000000a1600000|100%| O|  |TAMS 0x00000000a1554a00, 0x00000000a1500000| Untracked 
|  22|0x00000000a1600000, 0x00000000a1700000, 0x00000000a1700000|100%|HS|  |TAMS 0x00000000a1600000, 0x00000000a1600000| Complete 
|  23|0x00000000a1700000, 0x00000000a1800000, 0x00000000a1800000|100%|HC|  |TAMS 0x00000000a1700000, 0x00000000a1700000| Complete 
|  24|0x00000000a1800000, 0x00000000a1900000, 0x00000000a1900000|100%| O|  |TAMS 0x00000000a1800000, 0x00000000a1800000| Untracked 
|  25|0x00000000a1900000, 0x00000000a1a00000, 0x00000000a1a00000|100%| O|  |TAMS 0x00000000a1900000, 0x00000000a1900000| Untracked 
|  26|0x00000000a1a00000, 0x00000000a1b00000, 0x00000000a1b00000|100%| O|  |TAMS 0x00000000a1a00000, 0x00000000a1a00000| Untracked 
|  27|0x00000000a1b00000, 0x00000000a1c00000, 0x00000000a1c00000|100%| O|  |TAMS 0x00000000a1b00000, 0x00000000a1b00000| Untracked 
|  28|0x00000000a1c00000, 0x00000000a1d00000, 0x00000000a1d00000|100%| O|  |TAMS 0x00000000a1c00000, 0x00000000a1c00000| Untracked 
|  29|0x00000000a1d00000, 0x00000000a1e00000, 0x00000000a1e00000|100%| O|  |TAMS 0x00000000a1d00000, 0x00000000a1d00000| Untracked 
|  30|0x00000000a1e00000, 0x00000000a1f00000, 0x00000000a1f00000|100%| O|  |TAMS 0x00000000a1e00000, 0x00000000a1e00000| Untracked 
|  31|0x00000000a1f00000, 0x00000000a2000000, 0x00000000a2000000|100%| O|  |TAMS 0x00000000a1f00000, 0x00000000a1f00000| Untracked 
|  32|0x00000000a2000000, 0x00000000a2100000, 0x00000000a2100000|100%| O|  |TAMS 0x00000000a2000000, 0x00000000a2000000| Untracked 
|  33|0x00000000a2100000, 0x00000000a2200000, 0x00000000a2200000|100%| O|  |TAMS 0x00000000a2100000, 0x00000000a2100000| Untracked 
|  34|0x00000000a2200000, 0x00000000a2300000, 0x00000000a2300000|100%| O|  |TAMS 0x00000000a2200000, 0x00000000a2200000| Untracked 
|  35|0x00000000a2300000, 0x00000000a2400000, 0x00000000a2400000|100%| O|  |TAMS 0x00000000a2300000, 0x00000000a2300000| Untracked 
|  36|0x00000000a2400000, 0x00000000a2500000, 0x00000000a2500000|100%| O|  |TAMS 0x00000000a2400000, 0x00000000a2400000| Untracked 
|  37|0x00000000a2500000, 0x00000000a2600000, 0x00000000a2600000|100%| O|  |TAMS 0x00000000a2500000, 0x00000000a2500000| Untracked 
|  38|0x00000000a2600000, 0x00000000a2700000, 0x00000000a2700000|100%| O|  |TAMS 0x00000000a2600000, 0x00000000a2600000| Untracked 
|  39|0x00000000a2700000, 0x00000000a2800000, 0x00000000a2800000|100%| O|  |TAMS 0x00000000a2700000, 0x00000000a2700000| Untracked 
|  40|0x00000000a2800000, 0x00000000a2900000, 0x00000000a2900000|100%| O|  |TAMS 0x00000000a2800000, 0x00000000a2800000| Untracked 
|  41|0x00000000a2900000, 0x00000000a2a00000, 0x00000000a2a00000|100%| O|  |TAMS 0x00000000a2900000, 0x00000000a2900000| Untracked 
|  42|0x00000000a2a00000, 0x00000000a2b00000, 0x00000000a2b00000|100%| O|  |TAMS 0x00000000a2a00000, 0x00000000a2a00000| Untracked 
|  43|0x00000000a2b00000, 0x00000000a2c00000, 0x00000000a2c00000|100%| O|  |TAMS 0x00000000a2b00000, 0x00000000a2b00000| Untracked 
|  44|0x00000000a2c00000, 0x00000000a2d00000, 0x00000000a2d00000|100%| O|  |TAMS 0x00000000a2c00000, 0x00000000a2c00000| Untracked 
|  45|0x00000000a2d00000, 0x00000000a2e00000, 0x00000000a2e00000|100%| O|  |TAMS 0x00000000a2d00000, 0x00000000a2d00000| Untracked 
|  46|0x00000000a2e00000, 0x00000000a2f00000, 0x00000000a2f00000|100%| O|  |TAMS 0x00000000a2e00000, 0x00000000a2e00000| Untracked 
|  47|0x00000000a2f00000, 0x00000000a3000000, 0x00000000a3000000|100%| O|  |TAMS 0x00000000a2f00000, 0x00000000a2f00000| Untracked 
|  48|0x00000000a3000000, 0x00000000a3100000, 0x00000000a3100000|100%| O|  |TAMS 0x00000000a3000000, 0x00000000a3000000| Untracked 
|  49|0x00000000a3100000, 0x00000000a3200000, 0x00000000a3200000|100%| O|  |TAMS 0x00000000a3100000, 0x00000000a3100000| Untracked 
|  50|0x00000000a3200000, 0x00000000a3300000, 0x00000000a3300000|100%| O|  |TAMS 0x00000000a3200000, 0x00000000a3200000| Untracked 
|  51|0x00000000a3300000, 0x00000000a3400000, 0x00000000a3400000|100%| O|  |TAMS 0x00000000a3300000, 0x00000000a3300000| Untracked 
|  52|0x00000000a3400000, 0x00000000a3500000, 0x00000000a3500000|100%| O|  |TAMS 0x00000000a3400000, 0x00000000a3400000| Untracked 
|  53|0x00000000a3500000, 0x00000000a3600000, 0x00000000a3600000|100%| O|  |TAMS 0x00000000a3500000, 0x00000000a3500000| Untracked 
|  54|0x00000000a3600000, 0x00000000a3700000, 0x00000000a3700000|100%| O|  |TAMS 0x00000000a3600000, 0x00000000a3600000| Untracked 
|  55|0x00000000a3700000, 0x00000000a3800000, 0x00000000a3800000|100%| O|  |TAMS 0x00000000a3700000, 0x00000000a3700000| Untracked 
|  56|0x00000000a3800000, 0x00000000a3900000, 0x00000000a3900000|100%| O|  |TAMS 0x00000000a3800000, 0x00000000a3800000| Untracked 
|  57|0x00000000a3900000, 0x00000000a3a00000, 0x00000000a3a00000|100%| O|  |TAMS 0x00000000a3900000, 0x00000000a3900000| Untracked 
|  58|0x00000000a3a00000, 0x00000000a3b00000, 0x00000000a3b00000|100%| O|  |TAMS 0x00000000a3a00000, 0x00000000a3a00000| Untracked 
|  59|0x00000000a3b00000, 0x00000000a3c00000, 0x00000000a3c00000|100%| O|  |TAMS 0x00000000a3b00000, 0x00000000a3b00000| Untracked 
|  60|0x00000000a3c00000, 0x00000000a3d00000, 0x00000000a3d00000|100%| O|  |TAMS 0x00000000a3c00000, 0x00000000a3c00000| Untracked 
|  61|0x00000000a3d00000, 0x00000000a3e00000, 0x00000000a3e00000|100%| O|  |TAMS 0x00000000a3d00000, 0x00000000a3d00000| Untracked 
|  62|0x00000000a3e00000, 0x00000000a3f00000, 0x00000000a3f00000|100%| O|  |TAMS 0x00000000a3e00000, 0x00000000a3e00000| Untracked 
|  63|0x00000000a3f00000, 0x00000000a4000000, 0x00000000a4000000|100%| O|  |TAMS 0x00000000a3f00000, 0x00000000a3f00000| Untracked 
|  64|0x00000000a4000000, 0x00000000a4100000, 0x00000000a4100000|100%| O|  |TAMS 0x00000000a4000000, 0x00000000a4000000| Untracked 
|  65|0x00000000a4100000, 0x00000000a4200000, 0x00000000a4200000|100%| O|  |TAMS 0x00000000a4100000, 0x00000000a4100000| Untracked 
|  66|0x00000000a4200000, 0x00000000a4300000, 0x00000000a4300000|100%| O|  |TAMS 0x00000000a4200000, 0x00000000a4200000| Untracked 
|  67|0x00000000a4300000, 0x00000000a4400000, 0x00000000a4400000|100%| O|  |TAMS 0x00000000a4300000, 0x00000000a4300000| Untracked 
|  68|0x00000000a4400000, 0x00000000a4500000, 0x00000000a4500000|100%| O|  |TAMS 0x00000000a4400000, 0x00000000a4400000| Untracked 
|  69|0x00000000a4500000, 0x00000000a4580000, 0x00000000a4600000| 50%| O|  |TAMS 0x00000000a4500000, 0x00000000a4500000| Untracked 
|  70|0x00000000a4600000, 0x00000000a4600000, 0x00000000a4700000|  0%| F|  |TAMS 0x00000000a4600000, 0x00000000a4600000| Untracked 
|  71|0x00000000a4700000, 0x00000000a4700000, 0x00000000a4800000|  0%| F|  |TAMS 0x00000000a4700000, 0x00000000a4700000| Untracked 
|  72|0x00000000a4800000, 0x00000000a4800000, 0x00000000a4900000|  0%| F|  |TAMS 0x00000000a4800000, 0x00000000a4800000| Untracked 
|  73|0x00000000a4900000, 0x00000000a4900000, 0x00000000a4a00000|  0%| F|  |TAMS 0x00000000a4900000, 0x00000000a4900000| Untracked 
|  74|0x00000000a4a00000, 0x00000000a4a00000, 0x00000000a4b00000|  0%| F|  |TAMS 0x00000000a4a00000, 0x00000000a4a00000| Untracked 
|  75|0x00000000a4b00000, 0x00000000a4b00000, 0x00000000a4c00000|  0%| F|  |TAMS 0x00000000a4b00000, 0x00000000a4b00000| Untracked 
|  76|0x00000000a4c00000, 0x00000000a4c00000, 0x00000000a4d00000|  0%| F|  |TAMS 0x00000000a4c00000, 0x00000000a4c00000| Untracked 
|  77|0x00000000a4d00000, 0x00000000a4d00000, 0x00000000a4e00000|  0%| F|  |TAMS 0x00000000a4d00000, 0x00000000a4d00000| Untracked 
|  78|0x00000000a4e00000, 0x00000000a4e00000, 0x00000000a4f00000|  0%| F|  |TAMS 0x00000000a4e00000, 0x00000000a4e00000| Untracked 
|  79|0x00000000a4f00000, 0x00000000a4f00000, 0x00000000a5000000|  0%| F|  |TAMS 0x00000000a4f00000, 0x00000000a4f00000| Untracked 
|  80|0x00000000a5000000, 0x00000000a5000000, 0x00000000a5100000|  0%| F|  |TAMS 0x00000000a5000000, 0x00000000a5000000| Untracked 
|  81|0x00000000a5100000, 0x00000000a5100000, 0x00000000a5200000|  0%| F|  |TAMS 0x00000000a5100000, 0x00000000a5100000| Untracked 
|  82|0x00000000a5200000, 0x00000000a5200000, 0x00000000a5300000|  0%| F|  |TAMS 0x00000000a5200000, 0x00000000a5200000| Untracked 
|  83|0x00000000a5300000, 0x00000000a5300000, 0x00000000a5400000|  0%| F|  |TAMS 0x00000000a5300000, 0x00000000a5300000| Untracked 
|  84|0x00000000a5400000, 0x00000000a5400000, 0x00000000a5500000|  0%| F|  |TAMS 0x00000000a5400000, 0x00000000a5400000| Untracked 
|  85|0x00000000a5500000, 0x00000000a5500000, 0x00000000a5600000|  0%| F|  |TAMS 0x00000000a5500000, 0x00000000a5500000| Untracked 
|  86|0x00000000a5600000, 0x00000000a5600000, 0x00000000a5700000|  0%| F|  |TAMS 0x00000000a5600000, 0x00000000a5600000| Untracked 
|  87|0x00000000a5700000, 0x00000000a5700000, 0x00000000a5800000|  0%| F|  |TAMS 0x00000000a5700000, 0x00000000a5700000| Untracked 
|  88|0x00000000a5800000, 0x00000000a5800000, 0x00000000a5900000|  0%| F|  |TAMS 0x00000000a5800000, 0x00000000a5800000| Untracked 
|  89|0x00000000a5900000, 0x00000000a5900000, 0x00000000a5a00000|  0%| F|  |TAMS 0x00000000a5900000, 0x00000000a5900000| Untracked 
|  90|0x00000000a5a00000, 0x00000000a5a00000, 0x00000000a5b00000|  0%| F|  |TAMS 0x00000000a5a00000, 0x00000000a5a00000| Untracked 
|  91|0x00000000a5b00000, 0x00000000a5b00000, 0x00000000a5c00000|  0%| F|  |TAMS 0x00000000a5b00000, 0x00000000a5b00000| Untracked 
|  92|0x00000000a5c00000, 0x00000000a5c00000, 0x00000000a5d00000|  0%| F|  |TAMS 0x00000000a5c00000, 0x00000000a5c00000| Untracked 
|  93|0x00000000a5d00000, 0x00000000a5d00000, 0x00000000a5e00000|  0%| F|  |TAMS 0x00000000a5d00000, 0x00000000a5d00000| Untracked 
|  94|0x00000000a5e00000, 0x00000000a5e00000, 0x00000000a5f00000|  0%| F|  |TAMS 0x00000000a5e00000, 0x00000000a5e00000| Untracked 
|  95|0x00000000a5f00000, 0x00000000a5f00000, 0x00000000a6000000|  0%| F|  |TAMS 0x00000000a5f00000, 0x00000000a5f00000| Untracked 
|  96|0x00000000a6000000, 0x00000000a6000000, 0x00000000a6100000|  0%| F|  |TAMS 0x00000000a6000000, 0x00000000a6000000| Untracked 
|  97|0x00000000a6100000, 0x00000000a6100000, 0x00000000a6200000|  0%| F|  |TAMS 0x00000000a6100000, 0x00000000a6100000| Untracked 
|  98|0x00000000a6200000, 0x00000000a6200000, 0x00000000a6300000|  0%| F|  |TAMS 0x00000000a6200000, 0x00000000a6200000| Untracked 
|  99|0x00000000a6300000, 0x00000000a6300000, 0x00000000a6400000|  0%| F|  |TAMS 0x00000000a6300000, 0x00000000a6300000| Untracked 
| 100|0x00000000a6400000, 0x00000000a6400000, 0x00000000a6500000|  0%| F|  |TAMS 0x00000000a6400000, 0x00000000a6400000| Untracked 
| 101|0x00000000a6500000, 0x00000000a6500000, 0x00000000a6600000|  0%| F|  |TAMS 0x00000000a6500000, 0x00000000a6500000| Untracked 
| 102|0x00000000a6600000, 0x00000000a6600000, 0x00000000a6700000|  0%| F|  |TAMS 0x00000000a6600000, 0x00000000a6600000| Untracked 
| 103|0x00000000a6700000, 0x00000000a6700000, 0x00000000a6800000|  0%| F|  |TAMS 0x00000000a6700000, 0x00000000a6700000| Untracked 
| 104|0x00000000a6800000, 0x00000000a6900000, 0x00000000a6900000|100%| S|CS|TAMS 0x00000000a6800000, 0x00000000a6800000| Complete 
| 105|0x00000000a6900000, 0x00000000a6a00000, 0x00000000a6a00000|100%| S|CS|TAMS 0x00000000a6900000, 0x00000000a6900000| Complete 
| 106|0x00000000a6a00000, 0x00000000a6b00000, 0x00000000a6b00000|100%| S|CS|TAMS 0x00000000a6a00000, 0x00000000a6a00000| Complete 
| 107|0x00000000a6b00000, 0x00000000a6c00000, 0x00000000a6c00000|100%| S|CS|TAMS 0x00000000a6b00000, 0x00000000a6b00000| Complete 
| 108|0x00000000a6c00000, 0x00000000a6d00000, 0x00000000a6d00000|100%| S|CS|TAMS 0x00000000a6c00000, 0x00000000a6c00000| Complete 
| 109|0x00000000a6d00000, 0x00000000a6e00000, 0x00000000a6e00000|100%| S|CS|TAMS 0x00000000a6d00000, 0x00000000a6d00000| Complete 
| 110|0x00000000a6e00000, 0x00000000a6e00000, 0x00000000a6f00000|  0%| F|  |TAMS 0x00000000a6e00000, 0x00000000a6e00000| Untracked 
| 111|0x00000000a6f00000, 0x00000000a6f00000, 0x00000000a7000000|  0%| F|  |TAMS 0x00000000a6f00000, 0x00000000a6f00000| Untracked 
| 112|0x00000000a7000000, 0x00000000a7000000, 0x00000000a7100000|  0%| F|  |TAMS 0x00000000a7000000, 0x00000000a7000000| Untracked 
| 113|0x00000000a7100000, 0x00000000a7100000, 0x00000000a7200000|  0%| F|  |TAMS 0x00000000a7100000, 0x00000000a7100000| Untracked 
| 114|0x00000000a7200000, 0x00000000a7200000, 0x00000000a7300000|  0%| F|  |TAMS 0x00000000a7200000, 0x00000000a7200000| Untracked 
| 115|0x00000000a7300000, 0x00000000a7300000, 0x00000000a7400000|  0%| F|  |TAMS 0x00000000a7300000, 0x00000000a7300000| Untracked 
| 116|0x00000000a7400000, 0x00000000a7400000, 0x00000000a7500000|  0%| F|  |TAMS 0x00000000a7400000, 0x00000000a7400000| Untracked 
| 117|0x00000000a7500000, 0x00000000a7500000, 0x00000000a7600000|  0%| F|  |TAMS 0x00000000a7500000, 0x00000000a7500000| Untracked 
| 118|0x00000000a7600000, 0x00000000a7600000, 0x00000000a7700000|  0%| F|  |TAMS 0x00000000a7600000, 0x00000000a7600000| Untracked 
| 119|0x00000000a7700000, 0x00000000a7700000, 0x00000000a7800000|  0%| F|  |TAMS 0x00000000a7700000, 0x00000000a7700000| Untracked 
| 120|0x00000000a7800000, 0x00000000a7800000, 0x00000000a7900000|  0%| F|  |TAMS 0x00000000a7800000, 0x00000000a7800000| Untracked 
| 121|0x00000000a7900000, 0x00000000a7900000, 0x00000000a7a00000|  0%| F|  |TAMS 0x00000000a7900000, 0x00000000a7900000| Untracked 
| 122|0x00000000a7a00000, 0x00000000a7a00000, 0x00000000a7b00000|  0%| F|  |TAMS 0x00000000a7a00000, 0x00000000a7a00000| Untracked 
| 123|0x00000000a7b00000, 0x00000000a7b00000, 0x00000000a7c00000|  0%| F|  |TAMS 0x00000000a7b00000, 0x00000000a7b00000| Untracked 
| 124|0x00000000a7c00000, 0x00000000a7c00000, 0x00000000a7d00000|  0%| F|  |TAMS 0x00000000a7c00000, 0x00000000a7c00000| Untracked 
| 125|0x00000000a7d00000, 0x00000000a7d00000, 0x00000000a7e00000|  0%| F|  |TAMS 0x00000000a7d00000, 0x00000000a7d00000| Untracked 
| 126|0x00000000a7e00000, 0x00000000a7e00000, 0x00000000a7f00000|  0%| F|  |TAMS 0x00000000a7e00000, 0x00000000a7e00000| Untracked 
| 127|0x00000000a7f00000, 0x00000000a7f00000, 0x00000000a8000000|  0%| F|  |TAMS 0x00000000a7f00000, 0x00000000a7f00000| Untracked 
| 128|0x00000000a8000000, 0x00000000a8000000, 0x00000000a8100000|  0%| F|  |TAMS 0x00000000a8000000, 0x00000000a8000000| Untracked 
| 129|0x00000000a8100000, 0x00000000a8100000, 0x00000000a8200000|  0%| F|  |TAMS 0x00000000a8100000, 0x00000000a8100000| Untracked 
| 130|0x00000000a8200000, 0x00000000a8200000, 0x00000000a8300000|  0%| F|  |TAMS 0x00000000a8200000, 0x00000000a8200000| Untracked 
| 131|0x00000000a8300000, 0x00000000a8300000, 0x00000000a8400000|  0%| F|  |TAMS 0x00000000a8300000, 0x00000000a8300000| Untracked 
| 132|0x00000000a8400000, 0x00000000a8400000, 0x00000000a8500000|  0%| F|  |TAMS 0x00000000a8400000, 0x00000000a8400000| Untracked 
| 133|0x00000000a8500000, 0x00000000a8500000, 0x00000000a8600000|  0%| F|  |TAMS 0x00000000a8500000, 0x00000000a8500000| Untracked 
| 134|0x00000000a8600000, 0x00000000a8600000, 0x00000000a8700000|  0%| F|  |TAMS 0x00000000a8600000, 0x00000000a8600000| Untracked 
| 135|0x00000000a8700000, 0x00000000a8700000, 0x00000000a8800000|  0%| F|  |TAMS 0x00000000a8700000, 0x00000000a8700000| Untracked 
| 136|0x00000000a8800000, 0x00000000a8800000, 0x00000000a8900000|  0%| F|  |TAMS 0x00000000a8800000, 0x00000000a8800000| Untracked 
| 137|0x00000000a8900000, 0x00000000a8900000, 0x00000000a8a00000|  0%| F|  |TAMS 0x00000000a8900000, 0x00000000a8900000| Untracked 
| 138|0x00000000a8a00000, 0x00000000a8a00000, 0x00000000a8b00000|  0%| F|  |TAMS 0x00000000a8a00000, 0x00000000a8a00000| Untracked 
| 139|0x00000000a8b00000, 0x00000000a8b00000, 0x00000000a8c00000|  0%| F|  |TAMS 0x00000000a8b00000, 0x00000000a8b00000| Untracked 
| 140|0x00000000a8c00000, 0x00000000a8c00000, 0x00000000a8d00000|  0%| F|  |TAMS 0x00000000a8c00000, 0x00000000a8c00000| Untracked 
| 141|0x00000000a8d00000, 0x00000000a8d00000, 0x00000000a8e00000|  0%| F|  |TAMS 0x00000000a8d00000, 0x00000000a8d00000| Untracked 
| 142|0x00000000a8e00000, 0x00000000a8e00000, 0x00000000a8f00000|  0%| F|  |TAMS 0x00000000a8e00000, 0x00000000a8e00000| Untracked 
| 143|0x00000000a8f00000, 0x00000000a8f00000, 0x00000000a9000000|  0%| F|  |TAMS 0x00000000a8f00000, 0x00000000a8f00000| Untracked 
| 144|0x00000000a9000000, 0x00000000a9000000, 0x00000000a9100000|  0%| F|  |TAMS 0x00000000a9000000, 0x00000000a9000000| Untracked 
| 145|0x00000000a9100000, 0x00000000a9100000, 0x00000000a9200000|  0%| F|  |TAMS 0x00000000a9100000, 0x00000000a9100000| Untracked 
| 146|0x00000000a9200000, 0x00000000a9200000, 0x00000000a9300000|  0%| F|  |TAMS 0x00000000a9200000, 0x00000000a9200000| Untracked 
| 147|0x00000000a9300000, 0x00000000a9300000, 0x00000000a9400000|  0%| F|  |TAMS 0x00000000a9300000, 0x00000000a9300000| Untracked 
| 148|0x00000000a9400000, 0x00000000a9400000, 0x00000000a9500000|  0%| F|  |TAMS 0x00000000a9400000, 0x00000000a9400000| Untracked 
| 149|0x00000000a9500000, 0x00000000a9500000, 0x00000000a9600000|  0%| F|  |TAMS 0x00000000a9500000, 0x00000000a9500000| Untracked 
| 150|0x00000000a9600000, 0x00000000a9600000, 0x00000000a9700000|  0%| F|  |TAMS 0x00000000a9600000, 0x00000000a9600000| Untracked 
| 151|0x00000000a9700000, 0x00000000a9700000, 0x00000000a9800000|  0%| F|  |TAMS 0x00000000a9700000, 0x00000000a9700000| Untracked 
| 152|0x00000000a9800000, 0x00000000a9800000, 0x00000000a9900000|  0%| F|  |TAMS 0x00000000a9800000, 0x00000000a9800000| Untracked 
| 153|0x00000000a9900000, 0x00000000a9900000, 0x00000000a9a00000|  0%| F|  |TAMS 0x00000000a9900000, 0x00000000a9900000| Untracked 
| 154|0x00000000a9a00000, 0x00000000a9a00000, 0x00000000a9b00000|  0%| F|  |TAMS 0x00000000a9a00000, 0x00000000a9a00000| Untracked 
| 155|0x00000000a9b00000, 0x00000000a9b00000, 0x00000000a9c00000|  0%| F|  |TAMS 0x00000000a9b00000, 0x00000000a9b00000| Untracked 
| 156|0x00000000a9c00000, 0x00000000a9c00000, 0x00000000a9d00000|  0%| F|  |TAMS 0x00000000a9c00000, 0x00000000a9c00000| Untracked 
| 157|0x00000000a9d00000, 0x00000000a9d00000, 0x00000000a9e00000|  0%| F|  |TAMS 0x00000000a9d00000, 0x00000000a9d00000| Untracked 
| 158|0x00000000a9e00000, 0x00000000a9e00000, 0x00000000a9f00000|  0%| F|  |TAMS 0x00000000a9e00000, 0x00000000a9e00000| Untracked 
| 159|0x00000000a9f00000, 0x00000000a9f00000, 0x00000000aa000000|  0%| F|  |TAMS 0x00000000a9f00000, 0x00000000a9f00000| Untracked 
| 160|0x00000000aa000000, 0x00000000aa000000, 0x00000000aa100000|  0%| F|  |TAMS 0x00000000aa000000, 0x00000000aa000000| Untracked 
| 161|0x00000000aa100000, 0x00000000aa100000, 0x00000000aa200000|  0%| F|  |TAMS 0x00000000aa100000, 0x00000000aa100000| Untracked 
| 162|0x00000000aa200000, 0x00000000aa200000, 0x00000000aa300000|  0%| F|  |TAMS 0x00000000aa200000, 0x00000000aa200000| Untracked 
| 163|0x00000000aa300000, 0x00000000aa300000, 0x00000000aa400000|  0%| F|  |TAMS 0x00000000aa300000, 0x00000000aa300000| Untracked 
| 164|0x00000000aa400000, 0x00000000aa400000, 0x00000000aa500000|  0%| F|  |TAMS 0x00000000aa400000, 0x00000000aa400000| Untracked 
| 165|0x00000000aa500000, 0x00000000aa500000, 0x00000000aa600000|  0%| F|  |TAMS 0x00000000aa500000, 0x00000000aa500000| Untracked 
| 166|0x00000000aa600000, 0x00000000aa600000, 0x00000000aa700000|  0%| F|  |TAMS 0x00000000aa600000, 0x00000000aa600000| Untracked 
| 167|0x00000000aa700000, 0x00000000aa700000, 0x00000000aa800000|  0%| F|  |TAMS 0x00000000aa700000, 0x00000000aa700000| Untracked 
| 168|0x00000000aa800000, 0x00000000aa800000, 0x00000000aa900000|  0%| F|  |TAMS 0x00000000aa800000, 0x00000000aa800000| Untracked 
| 169|0x00000000aa900000, 0x00000000aa900000, 0x00000000aaa00000|  0%| F|  |TAMS 0x00000000aa900000, 0x00000000aa900000| Untracked 
| 170|0x00000000aaa00000, 0x00000000aaa00000, 0x00000000aab00000|  0%| F|  |TAMS 0x00000000aaa00000, 0x00000000aaa00000| Untracked 
| 171|0x00000000aab00000, 0x00000000aab00000, 0x00000000aac00000|  0%| F|  |TAMS 0x00000000aab00000, 0x00000000aab00000| Untracked 
| 172|0x00000000aac00000, 0x00000000aac00000, 0x00000000aad00000|  0%| F|  |TAMS 0x00000000aac00000, 0x00000000aac00000| Untracked 
| 173|0x00000000aad00000, 0x00000000aad00000, 0x00000000aae00000|  0%| F|  |TAMS 0x00000000aad00000, 0x00000000aad00000| Untracked 
| 174|0x00000000aae00000, 0x00000000aae00000, 0x00000000aaf00000|  0%| F|  |TAMS 0x00000000aae00000, 0x00000000aae00000| Untracked 
| 175|0x00000000aaf00000, 0x00000000aaf00000, 0x00000000ab000000|  0%| F|  |TAMS 0x00000000aaf00000, 0x00000000aaf00000| Untracked 
| 176|0x00000000ab000000, 0x00000000ab000000, 0x00000000ab100000|  0%| F|  |TAMS 0x00000000ab000000, 0x00000000ab000000| Untracked 
| 177|0x00000000ab100000, 0x00000000ab100000, 0x00000000ab200000|  0%| F|  |TAMS 0x00000000ab100000, 0x00000000ab100000| Untracked 
| 178|0x00000000ab200000, 0x00000000ab200000, 0x00000000ab300000|  0%| F|  |TAMS 0x00000000ab200000, 0x00000000ab200000| Untracked 
| 179|0x00000000ab300000, 0x00000000ab300000, 0x00000000ab400000|  0%| F|  |TAMS 0x00000000ab300000, 0x00000000ab300000| Untracked 
| 180|0x00000000ab400000, 0x00000000ab400000, 0x00000000ab500000|  0%| F|  |TAMS 0x00000000ab400000, 0x00000000ab400000| Untracked 
| 181|0x00000000ab500000, 0x00000000ab500000, 0x00000000ab600000|  0%| F|  |TAMS 0x00000000ab500000, 0x00000000ab500000| Untracked 
| 182|0x00000000ab600000, 0x00000000ab600000, 0x00000000ab700000|  0%| F|  |TAMS 0x00000000ab600000, 0x00000000ab600000| Untracked 
| 183|0x00000000ab700000, 0x00000000ab700000, 0x00000000ab800000|  0%| F|  |TAMS 0x00000000ab700000, 0x00000000ab700000| Untracked 
| 184|0x00000000ab800000, 0x00000000ab800000, 0x00000000ab900000|  0%| F|  |TAMS 0x00000000ab800000, 0x00000000ab800000| Untracked 
| 185|0x00000000ab900000, 0x00000000ab900000, 0x00000000aba00000|  0%| F|  |TAMS 0x00000000ab900000, 0x00000000ab900000| Untracked 
| 186|0x00000000aba00000, 0x00000000aba00000, 0x00000000abb00000|  0%| F|  |TAMS 0x00000000aba00000, 0x00000000aba00000| Untracked 
| 187|0x00000000abb00000, 0x00000000abb00000, 0x00000000abc00000|  0%| F|  |TAMS 0x00000000abb00000, 0x00000000abb00000| Untracked 
| 188|0x00000000abc00000, 0x00000000abc00000, 0x00000000abd00000|  0%| F|  |TAMS 0x00000000abc00000, 0x00000000abc00000| Untracked 
| 189|0x00000000abd00000, 0x00000000abd00000, 0x00000000abe00000|  0%| F|  |TAMS 0x00000000abd00000, 0x00000000abd00000| Untracked 
| 190|0x00000000abe00000, 0x00000000abe00000, 0x00000000abf00000|  0%| F|  |TAMS 0x00000000abe00000, 0x00000000abe00000| Untracked 
| 191|0x00000000abf00000, 0x00000000abf00000, 0x00000000ac000000|  0%| F|  |TAMS 0x00000000abf00000, 0x00000000abf00000| Untracked 
| 192|0x00000000ac000000, 0x00000000ac000000, 0x00000000ac100000|  0%| F|  |TAMS 0x00000000ac000000, 0x00000000ac000000| Untracked 
| 193|0x00000000ac100000, 0x00000000ac100000, 0x00000000ac200000|  0%| F|  |TAMS 0x00000000ac100000, 0x00000000ac100000| Untracked 
| 194|0x00000000ac200000, 0x00000000ac200000, 0x00000000ac300000|  0%| F|  |TAMS 0x00000000ac200000, 0x00000000ac200000| Untracked 
| 195|0x00000000ac300000, 0x00000000ac300000, 0x00000000ac400000|  0%| F|  |TAMS 0x00000000ac300000, 0x00000000ac300000| Untracked 
| 196|0x00000000ac400000, 0x00000000ac400000, 0x00000000ac500000|  0%| F|  |TAMS 0x00000000ac400000, 0x00000000ac400000| Untracked 
| 197|0x00000000ac500000, 0x00000000ac500000, 0x00000000ac600000|  0%| F|  |TAMS 0x00000000ac500000, 0x00000000ac500000| Untracked 
| 198|0x00000000ac600000, 0x00000000ac600000, 0x00000000ac700000|  0%| F|  |TAMS 0x00000000ac600000, 0x00000000ac600000| Untracked 
| 199|0x00000000ac700000, 0x00000000ac700000, 0x00000000ac800000|  0%| F|  |TAMS 0x00000000ac700000, 0x00000000ac700000| Untracked 
| 200|0x00000000ac800000, 0x00000000ac800000, 0x00000000ac900000|  0%| F|  |TAMS 0x00000000ac800000, 0x00000000ac800000| Untracked 
| 201|0x00000000ac900000, 0x00000000ac900000, 0x00000000aca00000|  0%| F|  |TAMS 0x00000000ac900000, 0x00000000ac900000| Untracked 

Card table byte_map: [0x00000292ff4a0000,0x00000292ff7a0000] _byte_map_base: 0x00000292fefa0000

Marking Bits (Prev, Next): (CMBitMap*) 0x00000292f7221080, (CMBitMap*) 0x00000292f7221048
 Prev Bits: [0x0000029290800000, 0x0000029292000000)
 Next Bits: [0x000002928f000000, 0x0000029290800000)

Polling page: 0x00000292f6960000

Metaspace:

Usage:
  Non-class:     62.09 MB capacity,    61.23 MB ( 99%) used,   682.61 KB (  1%) free+waste,   191.69 KB ( <1%) overhead. 
      Class:      9.61 MB capacity,     9.01 MB ( 94%) used,   516.45 KB (  5%) free+waste,    91.69 KB ( <1%) overhead. 
       Both:     71.69 MB capacity,    70.24 MB ( 98%) used,     1.17 MB (  2%) free+waste,   283.38 KB ( <1%) overhead. 

Virtual space:
  Non-class space:       64.00 MB reserved,      62.17 MB ( 97%) committed 
      Class space:        1.00 GB reserved,       9.63 MB ( <1%) committed 
             Both:        1.06 GB reserved,      71.80 MB (  7%) committed 

Chunk freelists:
   Non-Class:  2.88 KB
       Class:  2.50 KB
        Both:  5.38 KB

CodeHeap 'non-profiled nmethods': size=239488Kb used=11364Kb max_used=11368Kb free=228123Kb
 bounds [0x0000029280620000, 0x0000029281140000, 0x000002928f000000]
CodeHeap 'non-nmethods': size=6272Kb used=1236Kb max_used=1800Kb free=5035Kb
 bounds [0x0000029280000000, 0x0000029280270000, 0x0000029280620000]
 total_blobs=7024 nmethods=6371 adapters=538
 compilation: enabled
              stopped_count=0, restarted_count=0
 full_count=0

Compilation events (10 events):
Event: 37.899 Thread 0x0000029294862800 6390       1       java.util.stream.ForEachOps$ForEachOp$OfRef::<init> (11 bytes)
Event: 37.899 Thread 0x0000029294862800 nmethod 6390 0x00000292807c6010 code [0x00000292807c61c0, 0x00000292807c6338]
Event: 37.899 Thread 0x0000029294862800 6391       1       org.apache.ibatis.scripting.xmltags.DynamicContext::appendSql (10 bytes)
Event: 37.899 Thread 0x0000029294862800 nmethod 6391 0x00000292807cdc90 code [0x00000292807cde40, 0x00000292807cdf90]
Event: 37.902 Thread 0x0000029294862800 6392       1       javax.xml.xpath.XPathFactoryFinder::debugPrintln (27 bytes)
Event: 37.902 Thread 0x0000029294862800 nmethod 6392 0x00000292807fc790 code [0x00000292807fc980, 0x00000292807fcd40]
Event: 37.907 Thread 0x0000029294862800 6393       1       com.sun.org.apache.xpath.internal.axes.WalkingIterator::clone (31 bytes)
Event: 37.907 Thread 0x0000029294862800 nmethod 6393 0x0000029280813f90 code [0x0000029280814160, 0x0000029280814380]
Event: 37.947 Thread 0x0000029294862800 6394       1       com.sun.org.apache.xpath.internal.axes.UnionPathIterator::loadLocationPaths (175 bytes)
Event: 37.949 Thread 0x0000029294862800 nmethod 6394 0x0000029280812890 code [0x0000029280812b40, 0x00000292808138c0]

GC Heap History (10 events):
Event: 36.000 GC heap after
{Heap after GC invocations=40 (full 0):
 garbage-first heap   total 206848K, used 52882K [0x00000000a0000000, 0x0000000100000000)
  region size 1024K, 6 young (6144K), 6 survivors (6144K)
 Metaspace       used 71111K, capacity 72549K, committed 72752K, reserved 1112064K
  class space    used 9138K, capacity 9740K, committed 9856K, reserved 1048576K
}
Event: 36.472 GC heap before
{Heap before GC invocations=40 (full 0):
 garbage-first heap   total 206848K, used 160402K [0x00000000a0000000, 0x0000000100000000)
  region size 1024K, 111 young (113664K), 6 survivors (6144K)
 Metaspace       used 71124K, capacity 72549K, committed 72752K, reserved 1112064K
  class space    used 9140K, capacity 9740K, committed 9856K, reserved 1048576K
}
Event: 36.479 GC heap after
{Heap after GC invocations=41 (full 0):
 garbage-first heap   total 206848K, used 52917K [0x00000000a0000000, 0x0000000100000000)
  region size 1024K, 6 young (6144K), 6 survivors (6144K)
 Metaspace       used 71124K, capacity 72549K, committed 72752K, reserved 1112064K
  class space    used 9140K, capacity 9740K, committed 9856K, reserved 1048576K
}
Event: 36.879 GC heap before
{Heap before GC invocations=41 (full 0):
 garbage-first heap   total 206848K, used 163509K [0x00000000a0000000, 0x0000000100000000)
  region size 1024K, 114 young (116736K), 6 survivors (6144K)
 Metaspace       used 71148K, capacity 72613K, committed 72752K, reserved 1112064K
  class space    used 9145K, capacity 9740K, committed 9856K, reserved 1048576K
}
Event: 36.888 GC heap after
{Heap after GC invocations=42 (full 0):
 garbage-first heap   total 206848K, used 53941K [0x00000000a0000000, 0x0000000100000000)
  region size 1024K, 7 young (7168K), 7 survivors (7168K)
 Metaspace       used 71148K, capacity 72613K, committed 72752K, reserved 1112064K
  class space    used 9145K, capacity 9740K, committed 9856K, reserved 1048576K
}
Event: 37.253 GC heap before
{Heap before GC invocations=42 (full 0):
 garbage-first heap   total 206848K, used 168629K [0x00000000a0000000, 0x0000000100000000)
  region size 1024K, 119 young (121856K), 7 survivors (7168K)
 Metaspace       used 71438K, capacity 72901K, committed 73008K, reserved 1112064K
  class space    used 9172K, capacity 9772K, committed 9856K, reserved 1048576K
}
Event: 37.273 GC heap after
{Heap after GC invocations=43 (full 0):
 garbage-first heap   total 206848K, used 62197K [0x00000000a0000000, 0x0000000100000000)
  region size 1024K, 15 young (15360K), 15 survivors (15360K)
 Metaspace       used 71438K, capacity 72901K, committed 73008K, reserved 1112064K
  class space    used 9172K, capacity 9772K, committed 9856K, reserved 1048576K
}
Event: 37.646 GC heap before
{Heap before GC invocations=43 (full 0):
 garbage-first heap   total 206848K, used 165621K [0x00000000a0000000, 0x0000000100000000)
  region size 1024K, 116 young (118784K), 15 survivors (15360K)
 Metaspace       used 71693K, capacity 73125K, committed 73264K, reserved 1112064K
  class space    used 9196K, capacity 9804K, committed 9856K, reserved 1048576K
}
Event: 37.685 GC heap after
{Heap after GC invocations=44 (full 0):
 garbage-first heap   total 206848K, used 71161K [0x00000000a0000000, 0x0000000100000000)
  region size 1024K, 11 young (11264K), 11 survivors (11264K)
 Metaspace       used 71693K, capacity 73125K, committed 73264K, reserved 1112064K
  class space    used 9196K, capacity 9804K, committed 9856K, reserved 1048576K
}
Event: 37.977 GC heap before
{Heap before GC invocations=44 (full 0):
 garbage-first heap   total 206848K, used 165369K [0x00000000a0000000, 0x0000000100000000)
  region size 1024K, 103 young (105472K), 11 survivors (11264K)
 Metaspace       used 71930K, capacity 73413K, committed 73520K, reserved 1114112K
  class space    used 9227K, capacity 9836K, committed 9856K, reserved 1048576K
}

Deoptimization events (0 events):
No events

Classes redefined (0 events):
No events

Internal exceptions (10 events):
Event: 28.966 Thread 0x00000292f71ee800 Exception <a 'sun/nio/fs/WindowsException'{0x00000000a610e310}> (0x00000000a610e310) thrown at [t:/workspace/open/src/hotspot/share/prims/jni.cpp, line 615]
Event: 28.966 Thread 0x00000292f71ee800 Exception <a 'sun/nio/fs/WindowsException'{0x00000000a610e700}> (0x00000000a610e700) thrown at [t:/workspace/open/src/hotspot/share/prims/jni.cpp, line 615]
Event: 28.969 Thread 0x00000292f71ee800 Exception <a 'sun/nio/fs/WindowsException'{0x00000000a6110b20}> (0x00000000a6110b20) thrown at [t:/workspace/open/src/hotspot/share/prims/jni.cpp, line 615]
Event: 29.015 Thread 0x00000292f71ee800 Exception <a 'sun/nio/fs/WindowsException'{0x00000000a6059468}> (0x00000000a6059468) thrown at [t:/workspace/open/src/hotspot/share/prims/jni.cpp, line 615]
Event: 29.099 Thread 0x00000292f71ee800 Exception <a 'java/lang/NoSuchMethodError'{0x00000000a5f7ec80}: java.lang.invoke.DirectMethodHandle$Holder.invokeStaticInit(Ljava/lang/Object;Ljava/lang/Object;Ljava/lang/Object;Ljava/lang/Object;Ljava/lang/Object;)V> (0x00000000a5f7ec80) thrown at [t:/wo
Event: 29.367 Thread 0x00000292f71ee800 Exception <a 'java/lang/NoSuchMethodError'{0x00000000a5938ea8}: java.lang.invoke.DirectMethodHandle$Holder.newInvokeSpecial(Ljava/lang/Object;Ljava/lang/Object;Ljava/lang/Object;)Ljava/lang/Object;> (0x00000000a5938ea8) thrown at [t:/workspace/open/src/ho
Event: 30.081 Thread 0x00000292f71ee800 Exception <a 'java/lang/NoSuchMethodError'{0x00000000a38aea58}: java.lang.invoke.DirectMethodHandle$Holder.invokeSpecial(Ljava/lang/Object;Ljava/lang/Object;J)V> (0x00000000a38aea58) thrown at [t:/workspace/open/src/hotspot/share/interpreter/linkResolver.
Event: 30.195 Thread 0x00000292f71ee800 Exception <a 'java/lang/NoSuchMethodError'{0x00000000a7264b68}: java.lang.invoke.DirectMethodHandle$Holder.invokeStaticInit(Ljava/lang/Object;Ljava/lang/Object;Ljava/lang/Object;Ljava/lang/Object;)Ljava/lang/Object;> (0x00000000a7264b68) thrown at [t:/wor
Event: 31.286 Thread 0x00000292f71ee800 Exception <a 'java/lang/NoSuchMethodError'{0x00000000a5f3b400}: java.lang.invoke.DirectMethodHandle$Holder.invokeStaticInit(Ljava/lang/Object;)V> (0x00000000a5f3b400) thrown at [t:/workspace/open/src/hotspot/share/interpreter/linkResolver.cpp, line 772]
Event: 31.290 Thread 0x00000292f71ee800 Exception <a 'java/lang/NoSuchMethodError'{0x00000000a5f6cd38}: org.slf4j.impl.StaticMarkerBinder.getSingleton()Lorg/slf4j/impl/StaticMarkerBinder;> (0x00000000a5f6cd38) thrown at [t:/workspace/open/src/hotspot/share/interpreter/linkResolver.cpp, line 772

Events (10 events):
Event: 37.943 loading class org/camunda/bpm/engine/impl/persistence/entity/CleanableHistoricDecisionInstanceReportResultEntity done
Event: 37.944 loading class org/camunda/bpm/engine/history/CleanableHistoricDecisionInstanceReportResult
Event: 37.944 loading class org/camunda/bpm/engine/history/CleanableHistoricDecisionInstanceReportResult done
Event: 37.945 loading class org/camunda/bpm/engine/history/HistoricDecisionOutputInstance
Event: 37.945 loading class org/camunda/bpm/engine/history/HistoricDecisionOutputInstance done
Event: 37.946 loading class org/camunda/bpm/engine/history/HistoricDecisionInputInstance
Event: 37.946 loading class org/camunda/bpm/engine/history/HistoricDecisionInputInstance done
Event: 37.963 loading class org/camunda/bpm/engine/impl/HistoricDecisionInstanceQueryImpl
Event: 37.963 loading class org/camunda/bpm/engine/impl/HistoricDecisionInstanceQueryImpl done
Event: 37.977 Executing VM operation: G1CollectForAllocation


Dynamic libraries:
0x00007ff7f86e0000 - 0x00007ff7f8725000 	C:\Dev\Softwares\Softwares\openjdk-11.0.2_windows-x64_bin\jdk-11.0.2\bin\javaw.exe
0x00007ffefbeb0000 - 0x00007ffefc0a8000 	C:\Windows\SYSTEM32\ntdll.dll
0x00007ffefa080000 - 0x00007ffefa13f000 	C:\Windows\System32\KERNEL32.DLL
0x00007ffef9850000 - 0x00007ffef9b46000 	C:\Windows\System32\KERNELBASE.dll
0x00007ffefb540000 - 0x00007ffefb6dd000 	C:\Windows\System32\USER32.dll
0x00007ffef9e40000 - 0x00007ffef9e62000 	C:\Windows\System32\win32u.dll
0x00007ffefbb80000 - 0x00007ffefbbac000 	C:\Windows\System32\GDI32.dll
0x00007ffef9590000 - 0x00007ffef96a5000 	C:\Windows\System32\gdi32full.dll
0x00007ffef97b0000 - 0x00007ffef984d000 	C:\Windows\System32\msvcp_win.dll
0x00007ffef96b0000 - 0x00007ffef97b0000 	C:\Windows\System32\ucrtbase.dll
0x00007ffee2f70000 - 0x00007ffee320a000 	C:\Windows\WinSxS\amd64_microsoft.windows.common-controls_6595b64144ccf1df_6.0.19041.1110_none_60b5254171f9507e\COMCTL32.dll
0x00007ffefb960000 - 0x00007ffefb9fe000 	C:\Windows\System32\msvcrt.dll
0x00007ffefaba0000 - 0x00007ffefabd0000 	C:\Windows\System32\IMM32.DLL
0x00007ffef93a0000 - 0x00007ffef93d8000 	C:\Program Files\Citrix\HDX\bin\MfApHook.dll
0x00007ffef92e0000 - 0x00007ffef92f0000 	C:\Program Files\Citrix\HDX\bin\FullScreenHook.dll
0x00007ffefb6e0000 - 0x00007ffefb78f000 	C:\Windows\System32\ADVAPI32.dll
0x00007ffefba80000 - 0x00007ffefbb1c000 	C:\Windows\System32\sechost.dll
0x00007ffefbbb0000 - 0x00007ffefbcd6000 	C:\Windows\System32\RPCRT4.dll
0x00007ffebf770000 - 0x00007ffebf786000 	C:\Dev\Softwares\Softwares\openjdk-11.0.2_windows-x64_bin\jdk-11.0.2\bin\VCRUNTIME140.dll
0x00007ffebd0c0000 - 0x00007ffebd16a000 	C:\Dev\Softwares\Softwares\openjdk-11.0.2_windows-x64_bin\jdk-11.0.2\bin\MSVCP140.dll
0x00007ffef92b0000 - 0x00007ffef92bc000 	C:\Windows\SYSTEM32\VCRUNTIME140_1.dll
0x00007ffef9140000 - 0x00007ffef916d000 	C:\Program Files\Citrix\HDX\bin\ShellHook.dll
0x00007ffef9010000 - 0x00007ffef9139000 	C:\Program Files\Citrix\HDX\bin\SCardHook.dll
0x00007ffef8fc0000 - 0x00007ffef8fde000 	C:\Program Files\Citrix\HDX\bin\CxInjIme.dll
0x00007ffef8f90000 - 0x00007ffef8fb8000 	C:\Program Files\Citrix\HDX\bin\PicaWtsHook.dll
0x00007ffebc590000 - 0x00007ffebd0b3000 	C:\Dev\Softwares\Softwares\openjdk-11.0.2_windows-x64_bin\jdk-11.0.2\bin\server\jvm.dll
0x00007ffefb950000 - 0x00007ffefb958000 	C:\Windows\System32\PSAPI.DLL
0x00007ffef5020000 - 0x00007ffef5047000 	C:\Windows\SYSTEM32\WINMM.dll
0x00007ffef54b0000 - 0x00007ffef54b9000 	C:\Windows\SYSTEM32\WSOCK32.dll
0x00007ffef9190000 - 0x00007ffef919a000 	C:\Windows\SYSTEM32\VERSION.dll
0x00007ffefabd0000 - 0x00007ffefac3b000 	C:\Windows\System32\WS2_32.dll
0x00007ffef7960000 - 0x00007ffef7972000 	C:\Windows\SYSTEM32\kernel.appcore.dll
0x00007ffef4db0000 - 0x00007ffef4dc1000 	C:\Dev\Softwares\Softwares\openjdk-11.0.2_windows-x64_bin\jdk-11.0.2\bin\verify.dll
0x00007ffef71f0000 - 0x00007ffef73d4000 	C:\Windows\SYSTEM32\DBGHELP.DLL
0x00007ffee7bd0000 - 0x00007ffee7c04000 	C:\Windows\SYSTEM32\dbgcore.DLL
0x00007ffef9b50000 - 0x00007ffef9bd2000 	C:\Windows\System32\bcryptPrimitives.dll
0x00007ffef4d80000 - 0x00007ffef4da8000 	C:\Dev\Softwares\Softwares\openjdk-11.0.2_windows-x64_bin\jdk-11.0.2\bin\java.dll
0x00007ffef4d60000 - 0x00007ffef4d76000 	C:\Dev\Softwares\Softwares\openjdk-11.0.2_windows-x64_bin\jdk-11.0.2\bin\zip.dll
0x00007ffef4d50000 - 0x00007ffef4d5a000 	C:\Dev\Softwares\Softwares\openjdk-11.0.2_windows-x64_bin\jdk-11.0.2\bin\jimage.dll
0x00007ffefadf0000 - 0x00007ffefb534000 	C:\Windows\System32\SHELL32.dll
0x00007ffef6a50000 - 0x00007ffef71e3000 	C:\Windows\SYSTEM32\windows.storage.dll
0x00007ffefa830000 - 0x00007ffefab84000 	C:\Windows\System32\combase.dll
0x00007ffef8b80000 - 0x00007ffef8bae000 	C:\Windows\SYSTEM32\Wldp.dll
0x00007ffefa260000 - 0x00007ffefa30d000 	C:\Windows\System32\SHCORE.dll
0x00007ffefb790000 - 0x00007ffefb7e5000 	C:\Windows\System32\shlwapi.dll
0x00007ffef94d0000 - 0x00007ffef94ef000 	C:\Windows\SYSTEM32\profapi.dll
0x00007ffef4d20000 - 0x00007ffef4d39000 	C:\Dev\Softwares\Softwares\openjdk-11.0.2_windows-x64_bin\jdk-11.0.2\bin\net.dll
0x00007ffef8110000 - 0x00007ffef821a000 	C:\Windows\SYSTEM32\WINHTTP.dll
0x00007ffeedc00000 - 0x00007ffeeddec000 	C:\Windows\SYSTEM32\urlmon.dll
0x00007ffef7d30000 - 0x00007ffef7d58000 	C:\Windows\SYSTEM32\srvcli.dll
0x00007ffeeecd0000 - 0x00007ffeeef81000 	C:\Windows\SYSTEM32\iertutil.dll
0x00007ffef86e0000 - 0x00007ffef86ec000 	C:\Windows\SYSTEM32\netutils.dll
0x00007ffef88e0000 - 0x00007ffef894a000 	C:\Windows\system32\mswsock.dll
0x00007ffef4d00000 - 0x00007ffef4d13000 	C:\Dev\Softwares\Softwares\openjdk-11.0.2_windows-x64_bin\jdk-11.0.2\bin\nio.dll
0x00007ffed6e20000 - 0x00007ffed6e29000 	C:\Dev\Softwares\Softwares\openjdk-11.0.2_windows-x64_bin\jdk-11.0.2\bin\management.dll
0x00007ffed1b50000 - 0x00007ffed1b5c000 	C:\Dev\Softwares\Softwares\openjdk-11.0.2_windows-x64_bin\jdk-11.0.2\bin\management_ext.dll
0x00007ffeda920000 - 0x00007ffeda937000 	C:\Windows\system32\napinsp.dll
0x00007ffeda940000 - 0x00007ffeda95b000 	C:\Windows\system32\pnrpnsp.dll
0x00007ffeda960000 - 0x00007ffeda975000 	C:\Windows\system32\wshbth.dll
0x00007ffef3f80000 - 0x00007ffef3f9d000 	C:\Windows\system32\NLAapi.dll
0x00007ffef85d0000 - 0x00007ffef860c000 	C:\Windows\SYSTEM32\IPHLPAPI.DLL
0x00007ffef8610000 - 0x00007ffef86da000 	C:\Windows\SYSTEM32\DNSAPI.dll
0x00007ffefab90000 - 0x00007ffefab98000 	C:\Windows\System32\NSI.dll
0x00007ffedaa00000 - 0x00007ffedaa12000 	C:\Windows\System32\winrnr.dll
0x00007ffef0bf0000 - 0x00007ffef0bfa000 	C:\Windows\System32\rasadhlp.dll
0x00007ffef35b0000 - 0x00007ffef3632000 	C:\Windows\System32\fwpuclnt.dll
0x00007ffef9ee0000 - 0x00007ffef9f07000 	C:\Windows\System32\bcrypt.dll
0x00007ffef8ad0000 - 0x00007ffef8ae8000 	C:\Windows\SYSTEM32\CRYPTSP.dll
0x00007ffef8080000 - 0x00007ffef80b4000 	C:\Windows\system32\rsaenh.dll
0x00007ffef93e0000 - 0x00007ffef940e000 	C:\Windows\SYSTEM32\USERENV.dll
0x00007ffef8af0000 - 0x00007ffef8afc000 	C:\Windows\SYSTEM32\CRYPTBASE.dll
0x00007ffef3420000 - 0x00007ffef3437000 	C:\Windows\SYSTEM32\dhcpcsvc6.DLL
0x00007ffef3400000 - 0x00007ffef341d000 	C:\Windows\SYSTEM32\dhcpcsvc.DLL
0x00007ffed1a00000 - 0x00007ffed1a0d000 	C:\Dev\Softwares\Softwares\openjdk-11.0.2_windows-x64_bin\jdk-11.0.2\bin\sunmscapi.dll
0x00007ffef9be0000 - 0x00007ffef9d3e000 	C:\Windows\System32\CRYPT32.dll
0x00007ffef8bf0000 - 0x00007ffef8c18000 	C:\Windows\SYSTEM32\ncrypt.dll
0x00007ffef8bb0000 - 0x00007ffef8beb000 	C:\Windows\SYSTEM32\NTASN1.dll
0x00007ffece960000 - 0x00007ffece987000 	C:\Dev\Softwares\Softwares\openjdk-11.0.2_windows-x64_bin\jdk-11.0.2\bin\sunec.dll

dbghelp: loaded successfully - version: 4.0.5 - missing functions: none
symbol engine: initialized successfully - sym options: 0x614 - pdb path: .;C:\Dev\Softwares\Softwares\openjdk-11.0.2_windows-x64_bin\jdk-11.0.2\bin;C:\Windows\SYSTEM32;C:\Windows\WinSxS\amd64_microsoft.windows.common-controls_6595b64144ccf1df_6.0.19041.1110_none_60b5254171f9507e;C:\Program Files\Citrix\HDX\bin;C:\Dev\Softwares\Softwares\openjdk-11.0.2_windows-x64_bin\jdk-11.0.2\bin\server

VM Arguments:
jvm_args: -Dcom.sun.management.jmxremote -Dcom.sun.management.jmxremote.port=49838 -Dcom.sun.management.jmxremote.authenticate=false -Dcom.sun.management.jmxremote.ssl=false -Djava.rmi.server.hostname=localhost -Dspring.jmx.enabled=true -Dspring.liveBeansView.mbeanDomain -Dspring.application.admin.enabled=true -XX:TieredStopAtLevel=1 -Dspring.boot.project.name=bpmnModelPoc -Dfile.encoding=UTF-8 
java_command: com.camunda.bpmn.modelpoc.Application --spring.output.ansi.enabled=always
java_class_path (initial): C:\Users\Tushar.Panchbude\OneDrive - Vodafone Group\Dokumente\localDev\bpmnModelPoc\target\classes;C:\Users\Tushar.Panchbude\.m2\repository\org\camunda\bpm\springboot\camunda-bpm-spring-boot-starter-rest\7.18.0\camunda-bpm-spring-boot-starter-rest-7.18.0.jar;C:\Users\Tushar.Panchbude\.m2\repository\org\camunda\bpm\springboot\camunda-bpm-spring-boot-starter\7.18.0\camunda-bpm-spring-boot-starter-7.18.0.jar;C:\Users\Tushar.Panchbude\.m2\repository\org\camunda\bpm\camunda-engine-spring\7.18.0\camunda-engine-spring-7.18.0.jar;C:\Users\Tushar.Panchbude\.m2\repository\org\camunda\bpm\camunda-engine\7.18.0\camunda-engine-7.18.0.jar;C:\Users\Tushar.Panchbude\.m2\repository\org\camunda\bpm\model\camunda-bpmn-model\7.18.0\camunda-bpmn-model-7.18.0.jar;C:\Users\Tushar.Panchbude\.m2\repository\org\camunda\bpm\model\camunda-cmmn-model\7.18.0\camunda-cmmn-model-7.18.0.jar;C:\Users\Tushar.Panchbude\.m2\repository\org\camunda\bpm\dmn\camunda-engine-dmn\7.18.0\camunda-engine-dmn-7.18.0.jar;C:\Users\Tushar.Panchbude\.m2\repository\org\camunda\bpm\model\camunda-dmn-model\7.18.0\camunda-dmn-model-7.18.0.jar;C:\Users\Tushar.Panchbude\.m2\repository\org\camunda\bpm\dmn\camunda-engine-feel-api\7.18.0\camunda-engine-feel-api-7.18.0.jar;C:\Users\Tushar.Panchbude\.m2\repository\org\camunda\bpm\dmn\camunda-engine-feel-juel\7.18.0\camunda-engine-feel-juel-7.18.0.jar;C:\Users\Tushar.Panchbude\.m2\repository\org\camunda\bpm\dmn\camunda-engine-feel-scala\7.18.0\camunda-engine-feel-scala-7.18.0.jar;C:\Users\Tushar.Panchbude\.m2\repository\org\camunda\feel\feel-engine\1.14.2\feel-engine-1.14.2-scala-shaded.jar;C:\Users\Tushar.Panchbude\.m2\repository\org\camunda\commons\camunda-commons-typed-values\7.18.0\camunda-commons-typed-values-7.18.0.jar;C:\Users\Tushar.Panchbude\.m2\repository\org\mybatis\mybatis\3.5.6\mybatis-3.5.6.jar;C:\Users\Tushar.Panchbude\.m2\repository\joda-time\joda-time\2.1\joda-time-2.1.jar;C:\Users\Tushar.Panchbude\.m2\repository\org\camunda\connect\
Launcher Type: SUN_STANDARD

[Global flags]
     intx CICompilerCount                          = 2                                         {product} {ergonomic}
     uint ConcGCThreads                            = 1                                         {product} {ergonomic}
     uint G1ConcRefinementThreads                  = 2                                         {product} {ergonomic}
   size_t G1HeapRegionSize                         = 1048576                                   {product} {ergonomic}
    uintx GCDrainStackTargetSize                   = 64                                        {product} {ergonomic}
   size_t InitialHeapSize                          = 100663296                                 {product} {ergonomic}
     bool ManagementServer                         = true                                      {product} {command line}
   size_t MarkStackSize                            = 4194304                                   {product} {ergonomic}
   size_t MaxHeapSize                              = 1610612736                                {product} {ergonomic}
   size_t MaxNewSize                               = 965738496                                 {product} {ergonomic}
   size_t MinHeapDeltaBytes                        = 1048576                                   {product} {ergonomic}
    uintx NonNMethodCodeHeapSize                   = 6396312                                {pd product} {ergonomic}
    uintx NonProfiledCodeHeapSize                  = 245261928                              {pd product} {ergonomic}
    uintx ProfiledCodeHeapSize                     = 0                                      {pd product} {ergonomic}
    uintx ReservedCodeCacheSize                    = 251658240                              {pd product} {ergonomic}
     bool SegmentedCodeCache                       = true                                      {product} {ergonomic}
     intx TieredStopAtLevel                        = 1                                         {product} {command line}
     bool UseCompressedClassPointers               = true                                 {lp64_product} {ergonomic}
     bool UseCompressedOops                        = true                                 {lp64_product} {ergonomic}
     bool UseG1GC                                  = true                                      {product} {ergonomic}
     bool UseLargePagesIndividualAllocation        = false                                  {pd product} {ergonomic}

Logging:
Log output configuration:
 #0: stdout all=warning uptime,level,tags
 #1: stderr all=off uptime,level,tags

Environment Variables:
JAVA_HOME=C:\Dev\Softwares\Softwares\openjdk-11.0.2_windows-x64_bin\jdk-11.0.2
CLASSPATH=C:\Dev\Softwares\Softwares\openjdk-11.0.2_windows-x64_bin\jdk-11.0.2\lib;C:\Dev\Softwares\Softwares\openjdk-11.0.2_windows-x64_bin\jdk-11.0.2\jre\lib
PATH=C:\Program Files (x86)\Common Files\Oracle\Java\javapath;C:\Windows\system32;C:\Windows;C:\Windows\System32\Wbem;C:\Windows\System32\WindowsPowerShell\v1.0\;C:\Windows\System32\OpenSSH\;C:\Program Files (x86)\Citrix\HDX\bin\;C:\Program Files\Citrix\HDX\bin\;c:\Program Files (x86)\JetBrains\PyCharm Community Edition 2021.3\bin;C:\Users\Tushar.Panchbude\AppData\Local\Microsoft\WindowsApps;C:\Dev\Softwares\Softwares\openjdk-11.0.2_windows-x64_bin\jdk-11.0.2\bin;C:\Dev\Softwares\Git\cmd;C:\Users\Tushar.Panchbude\AppData\Local\JetBrains\PyCharm Community Edition 2023.1.2\bin;;C:\Dev\py\Scripts;C:\Dev\py;
USERNAME=Tushar.Panchbude
OS=Windows_NT
PROCESSOR_IDENTIFIER=Intel64 Family 6 Model 63 Stepping 0, GenuineIntel



---------------  S Y S T E M  ---------------

OS: Windows 10 , 64 bit Build 19041 (10.0.19041.3031)

CPU:total 2 (initial active 2) (1 cores per cpu, 1 threads per core) family 6 model 63 stepping 0, cmov, cx8, fxsr, mmx, sse, sse2, sse3, ssse3, sse4.1, sse4.2, popcnt, avx, avx2, aes, clmul, erms, lzcnt, tsc, tscinvbit, bmi1, bmi2, fma

Memory: 4k page, system-wide physical 6143M (88M free)
TotalPageFile size 9215M (AvailPageFile size 78M)
current process WorkingSet (physical memory assigned to process): 348M, peak: 348M
current process commit charge ("private bytes"): 379M, peak: 461M

vm_info: OpenJDK 64-Bit Server VM (11.0.2+9) for windows-amd64 JRE (11.0.2+9), built on Jan 18 2019 05:23:22 by "mach5one" with MS VC++ 15.5 (VS2017)

END.
