#
# There is insufficient memory for the Java Runtime Environment to continue.
# Native memory allocation (mmap) failed to map 206569472 bytes for Failed to commit area from 0x00000000aca00000 to 0x00000000b8f00000 of length 206569472.
# Possible reasons:
#   The system is out of physical RAM or swap space
#   The process is running with CompressedOops enabled, and the Java Heap may be blocking the growth of the native heap
# Possible solutions:
#   Reduce memory load on the system
#   Increase physical memory or swap space
#   Check if swap backing store is full
#   Decrease Java heap size (-Xmx/-Xms)
#   Decrease number of Java threads
#   Decrease Java thread stack sizes (-Xss)
#   Set larger code cache with -XX:ReservedCodeCacheSize=
#   JVM is running with Unscaled Compressed Oops mode in which the Java heap is
#     placed in the first 4GB address space. The Java Heap base address is the
#     maximum limit for the native heap growth. Please use -XX:HeapBaseMinAddress
#     to set the Java Heap base and to place the Java Heap above 4GB virtual address.
# This output file may be truncated or incomplete.
#
#  Out of Memory Error (t:/workspace/open/src/hotspot/os/windows/os_windows.cpp:3269), pid=15792, tid=14084
#
# JRE version: OpenJDK Runtime Environment (11.0.2+9) (build 11.0.2+9)
# Java VM: OpenJDK 64-Bit Server VM (11.0.2+9, mixed mode, tiered, compressed oops, g1 gc, windows-amd64)
# No core dump will be written. Minidumps are not enabled by default on client versions of Windows
#

---------------  S U M M A R Y ------------

Command Line: -Dcom.sun.management.jmxremote -Dcom.sun.management.jmxremote.port=56453 -Dcom.sun.management.jmxremote.authenticate=false -Dcom.sun.management.jmxremote.ssl=false -Djava.rmi.server.hostname=localhost -Dspring.jmx.enabled=true -Dspring.liveBeansView.mbeanDomain -Dspring.application.admin.enabled=true -XX:TieredStopAtLevel=1 -Dspring.boot.project.name=bpmnModelPoc -Dfile.encoding=UTF-8 com.camunda.bpmn.modelpoc.Application --spring.output.ansi.enabled=always

Host: Intel(R) Xeon(R) Gold 6240 CPU @ 2.60GHz, 2 cores, 5G,  Windows 10 , 64 bit Build 19041 (10.0.19041.2913)
Time: Wed Jun 21 18:35:38 2023 Indien Normalzeit elapsed time: 30 seconds (0d 0h 0m 30s)

---------------  T H R E A D  ---------------

Current thread (0x000001a9f4a38800):  VMThread "VM Thread" [stack: 0x000000a10ec00000,0x000000a10ed00000] [id=14084]

Stack: [0x000000a10ec00000,0x000000a10ed00000]
[error occurred during error reporting (printing stack bounds), id 0xc0000005, EXCEPTION_ACCESS_VIOLATION (0xc0000005) at pc=0x000001a9e0050bad]

Native frames: (J=compiled Java code, j=interpreted, Vv=VM code, C=native code)
V  [jvm.dll+0x63489a]
V  [jvm.dll+0x771f9f]
V  [jvm.dll+0x773648]
V  [jvm.dll+0x773c65]
V  [jvm.dll+0x773c1b]
V  [jvm.dll+0x633fa6]
V  [jvm.dll+0x634368]
C  [ntdll.dll+0xa23df]
C  [ntdll.dll+0x514a4]
C  [ntdll.dll+0xa0f0e]
C  0x000001a9e0050bad

VM_Operation (0x000000a10e6fc920): G1CollectForAllocation, mode: safepoint, requested by thread 0x000001a9d7d97000


---------------  P R O C E S S  ---------------

Threads class SMR info:
_java_thread_list=0x000001a9f99634d0, length=21, elements={
0x000001a9d7d97000, 0x000001a9f4a62800, 0x000001a9f4a6b800, 0x000001a9f52ce800,
0x000001a9f52cf800, 0x000001a9f52d0800, 0x000001a9f52d8000, 0x000001a9f49f3000,
0x000001a9f543f800, 0x000001a9f5bfa000, 0x000001a9f5ca1800, 0x000001a9f5cb2000,
0x000001a9f5d14800, 0x000001a9f74bc000, 0x000001a9f76e4800, 0x000001a9f7534800,
0x000001a9f5414800, 0x000001a9f9900000, 0x000001a9f9901000, 0x000001a9f9901800,
0x000001a9f98ff800
}

Java Threads: ( => current thread )
  0x000001a9d7d97000 JavaThread "main" [_thread_blocked, id=11096, stack(0x000000a10e600000,0x000000a10e700000)]
  0x000001a9f4a62800 JavaThread "Reference Handler" daemon [_thread_blocked, id=12772, stack(0x000000a10ed00000,0x000000a10ee00000)]
  0x000001a9f4a6b800 JavaThread "Finalizer" daemon [_thread_blocked, id=13644, stack(0x000000a10ee00000,0x000000a10ef00000)]
  0x000001a9f52ce800 JavaThread "Signal Dispatcher" daemon [_thread_blocked, id=15540, stack(0x000000a10ef00000,0x000000a10f000000)]
  0x000001a9f52cf800 JavaThread "Attach Listener" daemon [_thread_blocked, id=14660, stack(0x000000a10f000000,0x000000a10f100000)]
  0x000001a9f52d0800 JavaThread "C1 CompilerThread0" daemon [_thread_blocked, id=2804, stack(0x000000a10f100000,0x000000a10f200000)]
  0x000001a9f52d8000 JavaThread "Sweeper thread" daemon [_thread_blocked, id=3584, stack(0x000000a10f200000,0x000000a10f300000)]
  0x000001a9f49f3000 JavaThread "Common-Cleaner" daemon [_thread_blocked, id=15948, stack(0x000000a10f300000,0x000000a10f400000)]
  0x000001a9f543f800 JavaThread "Service Thread" daemon [_thread_blocked, id=8808, stack(0x000000a10f400000,0x000000a10f500000)]
  0x000001a9f5bfa000 JavaThread "C1 CompilerThread1" daemon [_thread_blocked, id=10352, stack(0x000000a10f600000,0x000000a10f700000)]
  0x000001a9f5ca1800 JavaThread "RMI TCP Accept-0" daemon [_thread_in_native, id=13924, stack(0x000000a10f700000,0x000000a10f800000)]
  0x000001a9f5cb2000 JavaThread "RMI TCP Accept-56453" daemon [_thread_in_native, id=16372, stack(0x000000a10f800000,0x000000a10f900000)]
  0x000001a9f5d14800 JavaThread "RMI TCP Accept-0" daemon [_thread_in_native, id=12788, stack(0x000000a10f900000,0x000000a10fa00000)]
  0x000001a9f74bc000 JavaThread "FetchAndLockHandlerImpl" [_thread_blocked, id=548, stack(0x000000a10fb00000,0x000000a10fc00000)]
  0x000001a9f76e4800 JavaThread "Catalina-utility-1" [_thread_blocked, id=12180, stack(0x000000a10fc00000,0x000000a10fd00000)]
  0x000001a9f7534800 JavaThread "Catalina-utility-2" [_thread_blocked, id=776, stack(0x000000a10fd00000,0x000000a10fe00000)]
  0x000001a9f5414800 JavaThread "container-0" [_thread_blocked, id=7644, stack(0x000000a10fe00000,0x000000a10ff00000)]
  0x000001a9f9900000 JavaThread "MVStore background writer C:/Users/Tushar.Panchbude/OneDrive - Vodafone Group/Desktop/Dev/bpmnModelPoc/camunda-h2-database.mv.db" daemon [_thread_blocked, id=14684, stack(0x000000a10ff00000,0x000000a110000000)]
  0x000001a9f9901000 JavaThread "HikariPool-1 housekeeper" daemon [_thread_blocked, id=14304, stack(0x000000a110000000,0x000000a110100000)]
  0x000001a9f9901800 JavaThread "H2-serialization" daemon [_thread_blocked, id=12460, stack(0x000000a110100000,0x000000a110200000)]
  0x000001a9f98ff800 JavaThread "H2-save" daemon [_thread_blocked, id=8572, stack(0x000000a110200000,0x000000a110300000)]

Other Threads:
=>0x000001a9f4a38800 VMThread "VM Thread" [stack: 0x000000a10ec00000,0x000000a10ed00000] [id=14084]
  0x000001a9f5d16000 WatcherThread [stack: 0x000000a10fa00000,0x000000a10fb00000] [id=14768]
  0x000001a9d7dac800 GCTaskThread "GC Thread#0" [stack: 0x000000a10e700000,0x000000a10e800000] [id=14020]
  0x000001a9f5669000 GCTaskThread "GC Thread#1" [stack: 0x000000a10f500000,0x000000a10f600000] [id=4652]
  0x000001a9d7dd2800 ConcurrentGCThread "G1 Main Marker" [stack: 0x000000a10e800000,0x000000a10e900000] [id=2364]
  0x000001a9d7dd4000 ConcurrentGCThread "G1 Conc#0" [stack: 0x000000a10e900000,0x000000a10ea00000] [id=1912]
  0x000001a9f48a4800 ConcurrentGCThread "G1 Refine#0" [stack: 0x000000a10ea00000,0x000000a10eb00000] [id=11916]
  0x000001a9f48a5000 ConcurrentGCThread "G1 Young RemSet Sampling" [stack: 0x000000a10eb00000,0x000000a10ec00000] [id=2488]

Threads with active compile tasks:

VM state:at safepoint (normal execution)

VM Mutex/Monitor currently owned by a thread:  ([mutex/lock_event])
[0x000001a9d7d94ac0] Threads_lock - owner thread: 0x000001a9f4a38800
[0x000001a9d7d93b90] Heap_lock - owner thread: 0x000001a9d7d97000

Heap address: 0x00000000a0000000, size: 1536 MB, Compressed Oops mode: 32-bit
Narrow klass base: 0x0000000000000000, Narrow klass shift: 3
Compressed class space size: 1073741824 Address: 0x0000000100000000

Heap:
 garbage-first heap   total 408576K, used 73216K [0x00000000a0000000, 0x0000000100000000)
  region size 1024K, 6 young (6144K), 6 survivors (6144K)
 Metaspace       used 69385K, capacity 70780K, committed 70908K, reserved 1110016K
  class space    used 8909K, capacity 9497K, committed 9548K, reserved 1048576K
Heap Regions: E=young(eden), S=young(survivor), O=old, HS=humongous(starts), HC=humongous(continues), CS=collection set, F=free, A=archive, TAMS=top-at-mark-start (previous, next)
|   0|0x00000000a0000000, 0x00000000a0100000, 0x00000000a0100000|100%| O|  |TAMS 0x00000000a0100000, 0x00000000a0000000| Untracked 
|   1|0x00000000a0100000, 0x00000000a0200000, 0x00000000a0200000|100%| O|  |TAMS 0x00000000a0200000, 0x00000000a0100000| Untracked 
|   2|0x00000000a0200000, 0x00000000a0300000, 0x00000000a0300000|100%| O|  |TAMS 0x00000000a0300000, 0x00000000a0200000| Untracked 
|   3|0x00000000a0300000, 0x00000000a0400000, 0x00000000a0400000|100%| O|  |TAMS 0x00000000a0400000, 0x00000000a0300000| Untracked 
|   4|0x00000000a0400000, 0x00000000a0500000, 0x00000000a0500000|100%| O|  |TAMS 0x00000000a0500000, 0x00000000a0400000| Untracked 
|   5|0x00000000a0500000, 0x00000000a0600000, 0x00000000a0600000|100%| O|  |TAMS 0x00000000a0600000, 0x00000000a0500000| Untracked 
|   6|0x00000000a0600000, 0x00000000a0700000, 0x00000000a0700000|100%| O|  |TAMS 0x00000000a0700000, 0x00000000a0600000| Untracked 
|   7|0x00000000a0700000, 0x00000000a0800000, 0x00000000a0800000|100%| O|  |TAMS 0x00000000a0800000, 0x00000000a0700000| Untracked 
|   8|0x00000000a0800000, 0x00000000a0900000, 0x00000000a0900000|100%| O|  |TAMS 0x00000000a0900000, 0x00000000a0800000| Untracked 
|   9|0x00000000a0900000, 0x00000000a0a00000, 0x00000000a0a00000|100%| O|  |TAMS 0x00000000a0a00000, 0x00000000a0900000| Untracked 
|  10|0x00000000a0a00000, 0x00000000a0b00000, 0x00000000a0b00000|100%| O|  |TAMS 0x00000000a0b00000, 0x00000000a0a00000| Untracked 
|  11|0x00000000a0b00000, 0x00000000a0c00000, 0x00000000a0c00000|100%| O|  |TAMS 0x00000000a0c00000, 0x00000000a0b00000| Untracked 
|  12|0x00000000a0c00000, 0x00000000a0d00000, 0x00000000a0d00000|100%| O|  |TAMS 0x00000000a0d00000, 0x00000000a0c00000| Untracked 
|  13|0x00000000a0d00000, 0x00000000a0e00000, 0x00000000a0e00000|100%| O|  |TAMS 0x00000000a0e00000, 0x00000000a0d00000| Untracked 
|  14|0x00000000a0e00000, 0x00000000a0f00000, 0x00000000a0f00000|100%| O|  |TAMS 0x00000000a0f00000, 0x00000000a0e00000| Untracked 
|  15|0x00000000a0f00000, 0x00000000a1000000, 0x00000000a1000000|100%| O|  |TAMS 0x00000000a1000000, 0x00000000a0f00000| Untracked 
|  16|0x00000000a1000000, 0x00000000a1100000, 0x00000000a1100000|100%| O|  |TAMS 0x00000000a1100000, 0x00000000a1000000| Untracked 
|  17|0x00000000a1100000, 0x00000000a1200000, 0x00000000a1200000|100%| O|  |TAMS 0x00000000a1200000, 0x00000000a1100000| Untracked 
|  18|0x00000000a1200000, 0x00000000a1300000, 0x00000000a1300000|100%| O|  |TAMS 0x00000000a12d6800, 0x00000000a1200000| Untracked 
|  19|0x00000000a1300000, 0x00000000a1400000, 0x00000000a1400000|100%|HS|  |TAMS 0x00000000a1300000, 0x00000000a1300000| Complete 
|  20|0x00000000a1400000, 0x00000000a1500000, 0x00000000a1500000|100%|HC|  |TAMS 0x00000000a1400000, 0x00000000a1400000| Complete 
|  21|0x00000000a1500000, 0x00000000a1600000, 0x00000000a1600000|100%| O|  |TAMS 0x00000000a1500000, 0x00000000a1500000| Untracked 
|  22|0x00000000a1600000, 0x00000000a1700000, 0x00000000a1700000|100%| O|  |TAMS 0x00000000a1600000, 0x00000000a1600000| Untracked 
|  23|0x00000000a1700000, 0x00000000a1800000, 0x00000000a1800000|100%| O|  |TAMS 0x00000000a1700000, 0x00000000a1700000| Untracked 
|  24|0x00000000a1800000, 0x00000000a1900000, 0x00000000a1900000|100%| O|  |TAMS 0x00000000a1800000, 0x00000000a1800000| Untracked 
|  25|0x00000000a1900000, 0x00000000a1a00000, 0x00000000a1a00000|100%| O|  |TAMS 0x00000000a1900000, 0x00000000a1900000| Untracked 
|  26|0x00000000a1a00000, 0x00000000a1b00000, 0x00000000a1b00000|100%| O|  |TAMS 0x00000000a1a00000, 0x00000000a1a00000| Untracked 
|  27|0x00000000a1b00000, 0x00000000a1c00000, 0x00000000a1c00000|100%| O|  |TAMS 0x00000000a1b00000, 0x00000000a1b00000| Untracked 
|  28|0x00000000a1c00000, 0x00000000a1d00000, 0x00000000a1d00000|100%| O|  |TAMS 0x00000000a1c00000, 0x00000000a1c00000| Untracked 
|  29|0x00000000a1d00000, 0x00000000a1e00000, 0x00000000a1e00000|100%| O|  |TAMS 0x00000000a1d00000, 0x00000000a1d00000| Untracked 
|  30|0x00000000a1e00000, 0x00000000a1f00000, 0x00000000a1f00000|100%| O|  |TAMS 0x00000000a1e00000, 0x00000000a1e00000| Untracked 
|  31|0x00000000a1f00000, 0x00000000a2000000, 0x00000000a2000000|100%| O|  |TAMS 0x00000000a1f00000, 0x00000000a1f00000| Untracked 
|  32|0x00000000a2000000, 0x00000000a2100000, 0x00000000a2100000|100%| O|  |TAMS 0x00000000a2000000, 0x00000000a2000000| Untracked 
|  33|0x00000000a2100000, 0x00000000a2200000, 0x00000000a2200000|100%| O|  |TAMS 0x00000000a2100000, 0x00000000a2100000| Untracked 
|  34|0x00000000a2200000, 0x00000000a2300000, 0x00000000a2300000|100%| O|  |TAMS 0x00000000a2200000, 0x00000000a2200000| Untracked 
|  35|0x00000000a2300000, 0x00000000a2400000, 0x00000000a2400000|100%| O|  |TAMS 0x00000000a2300000, 0x00000000a2300000| Untracked 
|  36|0x00000000a2400000, 0x00000000a2500000, 0x00000000a2500000|100%| O|  |TAMS 0x00000000a2400000, 0x00000000a2400000| Untracked 
|  37|0x00000000a2500000, 0x00000000a2600000, 0x00000000a2600000|100%| O|  |TAMS 0x00000000a2500000, 0x00000000a2500000| Untracked 
|  38|0x00000000a2600000, 0x00000000a2700000, 0x00000000a2700000|100%| O|  |TAMS 0x00000000a2600000, 0x00000000a2600000| Untracked 
|  39|0x00000000a2700000, 0x00000000a2800000, 0x00000000a2800000|100%| O|  |TAMS 0x00000000a2700000, 0x00000000a2700000| Untracked 
|  40|0x00000000a2800000, 0x00000000a2900000, 0x00000000a2900000|100%| O|  |TAMS 0x00000000a2800000, 0x00000000a2800000| Untracked 
|  41|0x00000000a2900000, 0x00000000a2a00000, 0x00000000a2a00000|100%| O|  |TAMS 0x00000000a2900000, 0x00000000a2900000| Untracked 
|  42|0x00000000a2a00000, 0x00000000a2b00000, 0x00000000a2b00000|100%| O|  |TAMS 0x00000000a2a00000, 0x00000000a2a00000| Untracked 
|  43|0x00000000a2b00000, 0x00000000a2c00000, 0x00000000a2c00000|100%| O|  |TAMS 0x00000000a2b00000, 0x00000000a2b00000| Untracked 
|  44|0x00000000a2c00000, 0x00000000a2d00000, 0x00000000a2d00000|100%| O|  |TAMS 0x00000000a2c00000, 0x00000000a2c00000| Untracked 
|  45|0x00000000a2d00000, 0x00000000a2e00000, 0x00000000a2e00000|100%| O|  |TAMS 0x00000000a2d00000, 0x00000000a2d00000| Untracked 
|  46|0x00000000a2e00000, 0x00000000a2f00000, 0x00000000a2f00000|100%| O|  |TAMS 0x00000000a2e00000, 0x00000000a2e00000| Untracked 
|  47|0x00000000a2f00000, 0x00000000a3000000, 0x00000000a3000000|100%| O|  |TAMS 0x00000000a2f00000, 0x00000000a2f00000| Untracked 
|  48|0x00000000a3000000, 0x00000000a3100000, 0x00000000a3100000|100%| O|  |TAMS 0x00000000a3000000, 0x00000000a3000000| Untracked 
|  49|0x00000000a3100000, 0x00000000a3200000, 0x00000000a3200000|100%| O|  |TAMS 0x00000000a3100000, 0x00000000a3100000| Untracked 
|  50|0x00000000a3200000, 0x00000000a3300000, 0x00000000a3300000|100%| O|  |TAMS 0x00000000a3200000, 0x00000000a3200000| Untracked 
|  51|0x00000000a3300000, 0x00000000a3400000, 0x00000000a3400000|100%| O|  |TAMS 0x00000000a3300000, 0x00000000a3300000| Untracked 
|  52|0x00000000a3400000, 0x00000000a3500000, 0x00000000a3500000|100%| O|  |TAMS 0x00000000a3400000, 0x00000000a3400000| Untracked 
|  53|0x00000000a3500000, 0x00000000a3600000, 0x00000000a3600000|100%| O|  |TAMS 0x00000000a3500000, 0x00000000a3500000| Untracked 
|  54|0x00000000a3600000, 0x00000000a3700000, 0x00000000a3700000|100%| O|  |TAMS 0x00000000a3600000, 0x00000000a3600000| Untracked 
|  55|0x00000000a3700000, 0x00000000a3800000, 0x00000000a3800000|100%| O|  |TAMS 0x00000000a3700000, 0x00000000a3700000| Untracked 
|  56|0x00000000a3800000, 0x00000000a3900000, 0x00000000a3900000|100%| O|  |TAMS 0x00000000a3800000, 0x00000000a3800000| Untracked 
|  57|0x00000000a3900000, 0x00000000a3a00000, 0x00000000a3a00000|100%| O|  |TAMS 0x00000000a3900000, 0x00000000a3900000| Untracked 
|  58|0x00000000a3a00000, 0x00000000a3b00000, 0x00000000a3b00000|100%| O|  |TAMS 0x00000000a3a00000, 0x00000000a3a00000| Untracked 
|  59|0x00000000a3b00000, 0x00000000a3c00000, 0x00000000a3c00000|100%| O|  |TAMS 0x00000000a3b00000, 0x00000000a3b00000| Untracked 
|  60|0x00000000a3c00000, 0x00000000a3d00000, 0x00000000a3d00000|100%| O|  |TAMS 0x00000000a3c00000, 0x00000000a3c00000| Untracked 
|  61|0x00000000a3d00000, 0x00000000a3e00000, 0x00000000a3e00000|100%| O|  |TAMS 0x00000000a3d00000, 0x00000000a3d00000| Untracked 
|  62|0x00000000a3e00000, 0x00000000a3f00000, 0x00000000a3f00000|100%| O|  |TAMS 0x00000000a3e00000, 0x00000000a3e00000| Untracked 
|  63|0x00000000a3f00000, 0x00000000a4000000, 0x00000000a4000000|100%| O|  |TAMS 0x00000000a3f00000, 0x00000000a3f00000| Untracked 
|  64|0x00000000a4000000, 0x00000000a4100000, 0x00000000a4100000|100%| O|  |TAMS 0x00000000a4000000, 0x00000000a4000000| Untracked 
|  65|0x00000000a4100000, 0x00000000a4200000, 0x00000000a4200000|100%| O|  |TAMS 0x00000000a4100000, 0x00000000a4100000| Untracked 
|  66|0x00000000a4200000, 0x00000000a4200000, 0x00000000a4300000|  0%| F|  |TAMS 0x00000000a4200000, 0x00000000a4200000| Untracked 
|  67|0x00000000a4300000, 0x00000000a4300000, 0x00000000a4400000|  0%| F|  |TAMS 0x00000000a4300000, 0x00000000a4300000| Untracked 
|  68|0x00000000a4400000, 0x00000000a4400000, 0x00000000a4500000|  0%| F|  |TAMS 0x00000000a4400000, 0x00000000a4400000| Untracked 
|  69|0x00000000a4500000, 0x00000000a4500000, 0x00000000a4600000|  0%| F|  |TAMS 0x00000000a4500000, 0x00000000a4500000| Untracked 
|  70|0x00000000a4600000, 0x00000000a4600000, 0x00000000a4700000|  0%| F|  |TAMS 0x00000000a4600000, 0x00000000a4600000| Untracked 
|  71|0x00000000a4700000, 0x00000000a4700000, 0x00000000a4800000|  0%| F|  |TAMS 0x00000000a4700000, 0x00000000a4700000| Untracked 
|  72|0x00000000a4800000, 0x00000000a4800000, 0x00000000a4900000|  0%| F|  |TAMS 0x00000000a4800000, 0x00000000a4800000| Untracked 
|  73|0x00000000a4900000, 0x00000000a4900000, 0x00000000a4a00000|  0%| F|  |TAMS 0x00000000a4900000, 0x00000000a4900000| Untracked 
|  74|0x00000000a4a00000, 0x00000000a4a00000, 0x00000000a4b00000|  0%| F|  |TAMS 0x00000000a4a00000, 0x00000000a4a00000| Untracked 
|  75|0x00000000a4b00000, 0x00000000a4b00000, 0x00000000a4c00000|  0%| F|  |TAMS 0x00000000a4b00000, 0x00000000a4b00000| Untracked 
|  76|0x00000000a4c00000, 0x00000000a4c00000, 0x00000000a4d00000|  0%| F|  |TAMS 0x00000000a4c00000, 0x00000000a4c00000| Untracked 
|  77|0x00000000a4d00000, 0x00000000a4d00000, 0x00000000a4e00000|  0%| F|  |TAMS 0x00000000a4d00000, 0x00000000a4d00000| Untracked 
|  78|0x00000000a4e00000, 0x00000000a4e00000, 0x00000000a4f00000|  0%| F|  |TAMS 0x00000000a4e00000, 0x00000000a4e00000| Untracked 
|  79|0x00000000a4f00000, 0x00000000a4f00000, 0x00000000a5000000|  0%| F|  |TAMS 0x00000000a4f00000, 0x00000000a4f00000| Untracked 
|  80|0x00000000a5000000, 0x00000000a5000000, 0x00000000a5100000|  0%| F|  |TAMS 0x00000000a5000000, 0x00000000a5000000| Untracked 
|  81|0x00000000a5100000, 0x00000000a5100000, 0x00000000a5200000|  0%| F|  |TAMS 0x00000000a5100000, 0x00000000a5100000| Untracked 
|  82|0x00000000a5200000, 0x00000000a5200000, 0x00000000a5300000|  0%| F|  |TAMS 0x00000000a5200000, 0x00000000a5200000| Untracked 
|  83|0x00000000a5300000, 0x00000000a5300000, 0x00000000a5400000|  0%| F|  |TAMS 0x00000000a5300000, 0x00000000a5300000| Untracked 
|  84|0x00000000a5400000, 0x00000000a5400000, 0x00000000a5500000|  0%| F|  |TAMS 0x00000000a5400000, 0x00000000a5400000| Untracked 
|  85|0x00000000a5500000, 0x00000000a5500000, 0x00000000a5600000|  0%| F|  |TAMS 0x00000000a5500000, 0x00000000a5500000| Untracked 
|  86|0x00000000a5600000, 0x00000000a5600000, 0x00000000a5700000|  0%| F|  |TAMS 0x00000000a5600000, 0x00000000a5600000| Untracked 
|  87|0x00000000a5700000, 0x00000000a5700000, 0x00000000a5800000|  0%| F|  |TAMS 0x00000000a5700000, 0x00000000a5700000| Untracked 
|  88|0x00000000a5800000, 0x00000000a5800000, 0x00000000a5900000|  0%| F|  |TAMS 0x00000000a5800000, 0x00000000a5800000| Untracked 
|  89|0x00000000a5900000, 0x00000000a5900000, 0x00000000a5a00000|  0%| F|  |TAMS 0x00000000a5900000, 0x00000000a5900000| Untracked 
|  90|0x00000000a5a00000, 0x00000000a5a00000, 0x00000000a5b00000|  0%| F|  |TAMS 0x00000000a5a00000, 0x00000000a5a00000| Untracked 
|  91|0x00000000a5b00000, 0x00000000a5b00000, 0x00000000a5c00000|  0%| F|  |TAMS 0x00000000a5b00000, 0x00000000a5b00000| Untracked 
|  92|0x00000000a5c00000, 0x00000000a5c00000, 0x00000000a5d00000|  0%| F|  |TAMS 0x00000000a5c00000, 0x00000000a5c00000| Untracked 
|  93|0x00000000a5d00000, 0x00000000a5d00000, 0x00000000a5e00000|  0%| F|  |TAMS 0x00000000a5d00000, 0x00000000a5d00000| Untracked 
|  94|0x00000000a5e00000, 0x00000000a5e00000, 0x00000000a5f00000|  0%| F|  |TAMS 0x00000000a5e00000, 0x00000000a5e00000| Untracked 
|  95|0x00000000a5f00000, 0x00000000a5f00000, 0x00000000a6000000|  0%| F|  |TAMS 0x00000000a5f00000, 0x00000000a5f00000| Untracked 
|  96|0x00000000a6000000, 0x00000000a6000000, 0x00000000a6100000|  0%| F|  |TAMS 0x00000000a6000000, 0x00000000a6000000| Untracked 
|  97|0x00000000a6100000, 0x00000000a6100000, 0x00000000a6200000|  0%| F|  |TAMS 0x00000000a6100000, 0x00000000a6100000| Untracked 
|  98|0x00000000a6200000, 0x00000000a6200000, 0x00000000a6300000|  0%| F|  |TAMS 0x00000000a6200000, 0x00000000a6200000| Untracked 
|  99|0x00000000a6300000, 0x00000000a6300000, 0x00000000a6400000|  0%| F|  |TAMS 0x00000000a6300000, 0x00000000a6300000| Untracked 
| 100|0x00000000a6400000, 0x00000000a6400000, 0x00000000a6500000|  0%| F|  |TAMS 0x00000000a6400000, 0x00000000a6400000| Untracked 
| 101|0x00000000a6500000, 0x00000000a6500000, 0x00000000a6600000|  0%| F|  |TAMS 0x00000000a6500000, 0x00000000a6500000| Untracked 
| 102|0x00000000a6600000, 0x00000000a6680000, 0x00000000a6700000| 50%| S|CS|TAMS 0x00000000a6600000, 0x00000000a6600000| Complete 
| 103|0x00000000a6700000, 0x00000000a6800000, 0x00000000a6800000|100%| S|CS|TAMS 0x00000000a6700000, 0x00000000a6700000| Complete 
| 104|0x00000000a6800000, 0x00000000a6900000, 0x00000000a6900000|100%| S|CS|TAMS 0x00000000a6800000, 0x00000000a6800000| Complete 
| 105|0x00000000a6900000, 0x00000000a6a00000, 0x00000000a6a00000|100%| S|CS|TAMS 0x00000000a6900000, 0x00000000a6900000| Complete 
| 106|0x00000000a6a00000, 0x00000000a6b00000, 0x00000000a6b00000|100%| S|CS|TAMS 0x00000000a6a00000, 0x00000000a6a00000| Complete 
| 107|0x00000000a6b00000, 0x00000000a6c00000, 0x00000000a6c00000|100%| S|CS|TAMS 0x00000000a6b00000, 0x00000000a6b00000| Complete 
| 108|0x00000000a6c00000, 0x00000000a6c00000, 0x00000000a6d00000|  0%| F|  |TAMS 0x00000000a6c00000, 0x00000000a6c00000| Untracked 
| 109|0x00000000a6d00000, 0x00000000a6d00000, 0x00000000a6e00000|  0%| F|  |TAMS 0x00000000a6d00000, 0x00000000a6d00000| Untracked 
| 110|0x00000000a6e00000, 0x00000000a6e00000, 0x00000000a6f00000|  0%| F|  |TAMS 0x00000000a6e00000, 0x00000000a6e00000| Untracked 
| 111|0x00000000a6f00000, 0x00000000a6f00000, 0x00000000a7000000|  0%| F|  |TAMS 0x00000000a6f00000, 0x00000000a6f00000| Untracked 
| 112|0x00000000a7000000, 0x00000000a7000000, 0x00000000a7100000|  0%| F|  |TAMS 0x00000000a7000000, 0x00000000a7000000| Untracked 
| 113|0x00000000a7100000, 0x00000000a7100000, 0x00000000a7200000|  0%| F|  |TAMS 0x00000000a7100000, 0x00000000a7100000| Untracked 
| 114|0x00000000a7200000, 0x00000000a7200000, 0x00000000a7300000|  0%| F|  |TAMS 0x00000000a7200000, 0x00000000a7200000| Untracked 
| 115|0x00000000a7300000, 0x00000000a7300000, 0x00000000a7400000|  0%| F|  |TAMS 0x00000000a7300000, 0x00000000a7300000| Untracked 
| 116|0x00000000a7400000, 0x00000000a7400000, 0x00000000a7500000|  0%| F|  |TAMS 0x00000000a7400000, 0x00000000a7400000| Untracked 
| 117|0x00000000a7500000, 0x00000000a7500000, 0x00000000a7600000|  0%| F|  |TAMS 0x00000000a7500000, 0x00000000a7500000| Untracked 
| 118|0x00000000a7600000, 0x00000000a7600000, 0x00000000a7700000|  0%| F|  |TAMS 0x00000000a7600000, 0x00000000a7600000| Untracked 
| 119|0x00000000a7700000, 0x00000000a7700000, 0x00000000a7800000|  0%| F|  |TAMS 0x00000000a7700000, 0x00000000a7700000| Untracked 
| 120|0x00000000a7800000, 0x00000000a7800000, 0x00000000a7900000|  0%| F|  |TAMS 0x00000000a7800000, 0x00000000a7800000| Untracked 
| 121|0x00000000a7900000, 0x00000000a7900000, 0x00000000a7a00000|  0%| F|  |TAMS 0x00000000a7900000, 0x00000000a7900000| Untracked 
| 122|0x00000000a7a00000, 0x00000000a7a00000, 0x00000000a7b00000|  0%| F|  |TAMS 0x00000000a7a00000, 0x00000000a7a00000| Untracked 
| 123|0x00000000a7b00000, 0x00000000a7b00000, 0x00000000a7c00000|  0%| F|  |TAMS 0x00000000a7b00000, 0x00000000a7b00000| Untracked 
| 124|0x00000000a7c00000, 0x00000000a7c00000, 0x00000000a7d00000|  0%| F|  |TAMS 0x00000000a7c00000, 0x00000000a7c00000| Untracked 
| 125|0x00000000a7d00000, 0x00000000a7d00000, 0x00000000a7e00000|  0%| F|  |TAMS 0x00000000a7d00000, 0x00000000a7d00000| Untracked 
| 126|0x00000000a7e00000, 0x00000000a7e00000, 0x00000000a7f00000|  0%| F|  |TAMS 0x00000000a7e00000, 0x00000000a7e00000| Untracked 
| 127|0x00000000a7f00000, 0x00000000a7f00000, 0x00000000a8000000|  0%| F|  |TAMS 0x00000000a7f00000, 0x00000000a7f00000| Untracked 
| 128|0x00000000a8000000, 0x00000000a8000000, 0x00000000a8100000|  0%| F|  |TAMS 0x00000000a8000000, 0x00000000a8000000| Untracked 
| 129|0x00000000a8100000, 0x00000000a8100000, 0x00000000a8200000|  0%| F|  |TAMS 0x00000000a8100000, 0x00000000a8100000| Untracked 
| 130|0x00000000a8200000, 0x00000000a8200000, 0x00000000a8300000|  0%| F|  |TAMS 0x00000000a8200000, 0x00000000a8200000| Untracked 
| 131|0x00000000a8300000, 0x00000000a8300000, 0x00000000a8400000|  0%| F|  |TAMS 0x00000000a8300000, 0x00000000a8300000| Untracked 
| 132|0x00000000a8400000, 0x00000000a8400000, 0x00000000a8500000|  0%| F|  |TAMS 0x00000000a8400000, 0x00000000a8400000| Untracked 
| 133|0x00000000a8500000, 0x00000000a8500000, 0x00000000a8600000|  0%| F|  |TAMS 0x00000000a8500000, 0x00000000a8500000| Untracked 
| 134|0x00000000a8600000, 0x00000000a8600000, 0x00000000a8700000|  0%| F|  |TAMS 0x00000000a8600000, 0x00000000a8600000| Untracked 
| 135|0x00000000a8700000, 0x00000000a8700000, 0x00000000a8800000|  0%| F|  |TAMS 0x00000000a8700000, 0x00000000a8700000| Untracked 
| 136|0x00000000a8800000, 0x00000000a8800000, 0x00000000a8900000|  0%| F|  |TAMS 0x00000000a8800000, 0x00000000a8800000| Untracked 
| 137|0x00000000a8900000, 0x00000000a8900000, 0x00000000a8a00000|  0%| F|  |TAMS 0x00000000a8900000, 0x00000000a8900000| Untracked 
| 138|0x00000000a8a00000, 0x00000000a8a00000, 0x00000000a8b00000|  0%| F|  |TAMS 0x00000000a8a00000, 0x00000000a8a00000| Untracked 
| 139|0x00000000a8b00000, 0x00000000a8b00000, 0x00000000a8c00000|  0%| F|  |TAMS 0x00000000a8b00000, 0x00000000a8b00000| Untracked 
| 140|0x00000000a8c00000, 0x00000000a8c00000, 0x00000000a8d00000|  0%| F|  |TAMS 0x00000000a8c00000, 0x00000000a8c00000| Untracked 
| 141|0x00000000a8d00000, 0x00000000a8d00000, 0x00000000a8e00000|  0%| F|  |TAMS 0x00000000a8d00000, 0x00000000a8d00000| Untracked 
| 142|0x00000000a8e00000, 0x00000000a8e00000, 0x00000000a8f00000|  0%| F|  |TAMS 0x00000000a8e00000, 0x00000000a8e00000| Untracked 
| 143|0x00000000a8f00000, 0x00000000a8f00000, 0x00000000a9000000|  0%| F|  |TAMS 0x00000000a8f00000, 0x00000000a8f00000| Untracked 
| 144|0x00000000a9000000, 0x00000000a9000000, 0x00000000a9100000|  0%| F|  |TAMS 0x00000000a9000000, 0x00000000a9000000| Untracked 
| 145|0x00000000a9100000, 0x00000000a9100000, 0x00000000a9200000|  0%| F|  |TAMS 0x00000000a9100000, 0x00000000a9100000| Untracked 
| 146|0x00000000a9200000, 0x00000000a9200000, 0x00000000a9300000|  0%| F|  |TAMS 0x00000000a9200000, 0x00000000a9200000| Untracked 
| 147|0x00000000a9300000, 0x00000000a9300000, 0x00000000a9400000|  0%| F|  |TAMS 0x00000000a9300000, 0x00000000a9300000| Untracked 
| 148|0x00000000a9400000, 0x00000000a9400000, 0x00000000a9500000|  0%| F|  |TAMS 0x00000000a9400000, 0x00000000a9400000| Untracked 
| 149|0x00000000a9500000, 0x00000000a9500000, 0x00000000a9600000|  0%| F|  |TAMS 0x00000000a9500000, 0x00000000a9500000| Untracked 
| 150|0x00000000a9600000, 0x00000000a9600000, 0x00000000a9700000|  0%| F|  |TAMS 0x00000000a9600000, 0x00000000a9600000| Untracked 
| 151|0x00000000a9700000, 0x00000000a9700000, 0x00000000a9800000|  0%| F|  |TAMS 0x00000000a9700000, 0x00000000a9700000| Untracked 
| 152|0x00000000a9800000, 0x00000000a9800000, 0x00000000a9900000|  0%| F|  |TAMS 0x00000000a9800000, 0x00000000a9800000| Untracked 
| 153|0x00000000a9900000, 0x00000000a9900000, 0x00000000a9a00000|  0%| F|  |TAMS 0x00000000a9900000, 0x00000000a9900000| Untracked 
| 154|0x00000000a9a00000, 0x00000000a9a00000, 0x00000000a9b00000|  0%| F|  |TAMS 0x00000000a9a00000, 0x00000000a9a00000| Untracked 
| 155|0x00000000a9b00000, 0x00000000a9b00000, 0x00000000a9c00000|  0%| F|  |TAMS 0x00000000a9b00000, 0x00000000a9b00000| Untracked 
| 156|0x00000000a9c00000, 0x00000000a9c00000, 0x00000000a9d00000|  0%| F|  |TAMS 0x00000000a9c00000, 0x00000000a9c00000| Untracked 
| 157|0x00000000a9d00000, 0x00000000a9d00000, 0x00000000a9e00000|  0%| F|  |TAMS 0x00000000a9d00000, 0x00000000a9d00000| Untracked 
| 158|0x00000000a9e00000, 0x00000000a9e00000, 0x00000000a9f00000|  0%| F|  |TAMS 0x00000000a9e00000, 0x00000000a9e00000| Untracked 
| 159|0x00000000a9f00000, 0x00000000a9f00000, 0x00000000aa000000|  0%| F|  |TAMS 0x00000000a9f00000, 0x00000000a9f00000| Untracked 
| 160|0x00000000aa000000, 0x00000000aa000000, 0x00000000aa100000|  0%| F|  |TAMS 0x00000000aa000000, 0x00000000aa000000| Untracked 
| 161|0x00000000aa100000, 0x00000000aa100000, 0x00000000aa200000|  0%| F|  |TAMS 0x00000000aa100000, 0x00000000aa100000| Untracked 
| 162|0x00000000aa200000, 0x00000000aa200000, 0x00000000aa300000|  0%| F|  |TAMS 0x00000000aa200000, 0x00000000aa200000| Untracked 
| 163|0x00000000aa300000, 0x00000000aa300000, 0x00000000aa400000|  0%| F|  |TAMS 0x00000000aa300000, 0x00000000aa300000| Untracked 
| 164|0x00000000aa400000, 0x00000000aa400000, 0x00000000aa500000|  0%| F|  |TAMS 0x00000000aa400000, 0x00000000aa400000| Untracked 
| 165|0x00000000aa500000, 0x00000000aa500000, 0x00000000aa600000|  0%| F|  |TAMS 0x00000000aa500000, 0x00000000aa500000| Untracked 
| 166|0x00000000aa600000, 0x00000000aa600000, 0x00000000aa700000|  0%| F|  |TAMS 0x00000000aa600000, 0x00000000aa600000| Untracked 
| 167|0x00000000aa700000, 0x00000000aa700000, 0x00000000aa800000|  0%| F|  |TAMS 0x00000000aa700000, 0x00000000aa700000| Untracked 
| 168|0x00000000aa800000, 0x00000000aa800000, 0x00000000aa900000|  0%| F|  |TAMS 0x00000000aa800000, 0x00000000aa800000| Untracked 
| 169|0x00000000aa900000, 0x00000000aa900000, 0x00000000aaa00000|  0%| F|  |TAMS 0x00000000aa900000, 0x00000000aa900000| Untracked 
| 170|0x00000000aaa00000, 0x00000000aaa00000, 0x00000000aab00000|  0%| F|  |TAMS 0x00000000aaa00000, 0x00000000aaa00000| Untracked 
| 171|0x00000000aab00000, 0x00000000aab00000, 0x00000000aac00000|  0%| F|  |TAMS 0x00000000aab00000, 0x00000000aab00000| Untracked 
| 172|0x00000000aac00000, 0x00000000aac00000, 0x00000000aad00000|  0%| F|  |TAMS 0x00000000aac00000, 0x00000000aac00000| Untracked 
| 173|0x00000000aad00000, 0x00000000aad00000, 0x00000000aae00000|  0%| F|  |TAMS 0x00000000aad00000, 0x00000000aad00000| Untracked 
| 174|0x00000000aae00000, 0x00000000aae00000, 0x00000000aaf00000|  0%| F|  |TAMS 0x00000000aae00000, 0x00000000aae00000| Untracked 
| 175|0x00000000aaf00000, 0x00000000aaf00000, 0x00000000ab000000|  0%| F|  |TAMS 0x00000000aaf00000, 0x00000000aaf00000| Untracked 
| 176|0x00000000ab000000, 0x00000000ab000000, 0x00000000ab100000|  0%| F|  |TAMS 0x00000000ab000000, 0x00000000ab000000| Untracked 
| 177|0x00000000ab100000, 0x00000000ab100000, 0x00000000ab200000|  0%| F|  |TAMS 0x00000000ab100000, 0x00000000ab100000| Untracked 
| 178|0x00000000ab200000, 0x00000000ab200000, 0x00000000ab300000|  0%| F|  |TAMS 0x00000000ab200000, 0x00000000ab200000| Untracked 
| 179|0x00000000ab300000, 0x00000000ab300000, 0x00000000ab400000|  0%| F|  |TAMS 0x00000000ab300000, 0x00000000ab300000| Untracked 
| 180|0x00000000ab400000, 0x00000000ab400000, 0x00000000ab500000|  0%| F|  |TAMS 0x00000000ab400000, 0x00000000ab400000| Untracked 
| 181|0x00000000ab500000, 0x00000000ab500000, 0x00000000ab600000|  0%| F|  |TAMS 0x00000000ab500000, 0x00000000ab500000| Untracked 
| 182|0x00000000ab600000, 0x00000000ab600000, 0x00000000ab700000|  0%| F|  |TAMS 0x00000000ab600000, 0x00000000ab600000| Untracked 
| 183|0x00000000ab700000, 0x00000000ab700000, 0x00000000ab800000|  0%| F|  |TAMS 0x00000000ab700000, 0x00000000ab700000| Untracked 
| 184|0x00000000ab800000, 0x00000000ab800000, 0x00000000ab900000|  0%| F|  |TAMS 0x00000000ab800000, 0x00000000ab800000| Untracked 
| 185|0x00000000ab900000, 0x00000000ab900000, 0x00000000aba00000|  0%| F|  |TAMS 0x00000000ab900000, 0x00000000ab900000| Untracked 
| 186|0x00000000aba00000, 0x00000000aba00000, 0x00000000abb00000|  0%| F|  |TAMS 0x00000000aba00000, 0x00000000aba00000| Untracked 
| 187|0x00000000abb00000, 0x00000000abb00000, 0x00000000abc00000|  0%| F|  |TAMS 0x00000000abb00000, 0x00000000abb00000| Untracked 
| 188|0x00000000abc00000, 0x00000000abc00000, 0x00000000abd00000|  0%| F|  |TAMS 0x00000000abc00000, 0x00000000abc00000| Untracked 
| 189|0x00000000abd00000, 0x00000000abd00000, 0x00000000abe00000|  0%| F|  |TAMS 0x00000000abd00000, 0x00000000abd00000| Untracked 
| 190|0x00000000abe00000, 0x00000000abe00000, 0x00000000abf00000|  0%| F|  |TAMS 0x00000000abe00000, 0x00000000abe00000| Untracked 
| 191|0x00000000abf00000, 0x00000000abf00000, 0x00000000ac000000|  0%| F|  |TAMS 0x00000000abf00000, 0x00000000abf00000| Untracked 
| 192|0x00000000ac000000, 0x00000000ac000000, 0x00000000ac100000|  0%| F|  |TAMS 0x00000000ac000000, 0x00000000ac000000| Untracked 
| 193|0x00000000ac100000, 0x00000000ac100000, 0x00000000ac200000|  0%| F|  |TAMS 0x00000000ac100000, 0x00000000ac100000| Untracked 
| 194|0x00000000ac200000, 0x00000000ac200000, 0x00000000ac300000|  0%| F|  |TAMS 0x00000000ac200000, 0x00000000ac200000| Untracked 
| 195|0x00000000ac300000, 0x00000000ac300000, 0x00000000ac400000|  0%| F|  |TAMS 0x00000000ac300000, 0x00000000ac300000| Untracked 
| 196|0x00000000ac400000, 0x00000000ac400000, 0x00000000ac500000|  0%| F|  |TAMS 0x00000000ac400000, 0x00000000ac400000| Untracked 
| 197|0x00000000ac500000, 0x00000000ac500000, 0x00000000ac600000|  0%| F|  |TAMS 0x00000000ac500000, 0x00000000ac500000| Untracked 
| 198|0x00000000ac600000, 0x00000000ac600000, 0x00000000ac700000|  0%| F|  |TAMS 0x00000000ac600000, 0x00000000ac600000| Untracked 
| 199|0x00000000ac700000, 0x00000000ac700000, 0x00000000ac800000|  0%| F|  |TAMS 0x00000000ac700000, 0x00000000ac700000| Untracked 
| 200|0x00000000ac800000, 0x00000000ac800000, 0x00000000ac900000|  0%| F|  |TAMS 0x00000000ac800000, 0x00000000ac800000| Untracked 
| 201|0x00000000ac900000, 0x00000000ac900000, 0x00000000aca00000|  0%| F|  |TAMS 0x00000000ac900000, 0x00000000ac900000| Untracked 

Card table byte_map: [0x000001a9ef050000,0x000001a9ef350000] _byte_map_base: 0x000001a9eeb50000

Marking Bits (Prev, Next): (CMBitMap*) 0x000001a9d7dcbbf0, (CMBitMap*) 0x000001a9d7dcbbb8
 Prev Bits: [0x000001a9f0e50000, 0x000001a9f2650000)
 Next Bits: [0x000001a9ef650000, 0x000001a9f0e50000)

Polling page: 0x000001a9d7510000

Metaspace:

Usage:
  Non-class:     59.85 MB capacity,    59.06 MB ( 99%) used,   619.23 KB (  1%) free+waste,   187.25 KB ( <1%) overhead. 
      Class:      9.27 MB capacity,     8.70 MB ( 94%) used,   497.93 KB (  5%) free+waste,    89.88 KB ( <1%) overhead. 
       Both:     69.12 MB capacity,    67.76 MB ( 98%) used,     1.09 MB (  2%) free+waste,   277.13 KB ( <1%) overhead. 

Virtual space:
  Non-class space:       60.00 MB reserved,      59.92 MB (>99%) committed 
      Class space:        1.00 GB reserved,       9.32 MB ( <1%) committed 
             Both:        1.06 GB reserved,      69.25 MB (  6%) committed 

Chunk freelists:
   Non-Class:  1.63 KB
       Class:  896 bytes
        Both:  2.50 KB

CodeHeap 'non-profiled nmethods': size=239488Kb used=11090Kb max_used=11090Kb free=228397Kb
 bounds [0x000001a9e0670000, 0x000001a9e1150000, 0x000001a9ef050000]
CodeHeap 'non-nmethods': size=6272Kb used=1795Kb max_used=1795Kb free=4476Kb
 bounds [0x000001a9e0050000, 0x000001a9e02c0000, 0x000001a9e0670000]
 total_blobs=6868 nmethods=6224 adapters=531
 compilation: enabled
              stopped_count=0, restarted_count=0
 full_count=0

Compilation events (10 events):
Event: 29.898 Thread 0x000001a9f5bfa000 6242       1       com.sun.org.apache.xpath.internal.axes.WalkingIterator::clone (31 bytes)
Event: 29.898 Thread 0x000001a9f5bfa000 nmethod 6242 0x000001a9e1142e90 code [0x000001a9e1143060, 0x000001a9e1143280]
Event: 29.942 Thread 0x000001a9f52d0800 6243       1       com.sun.org.apache.xpath.internal.axes.UnionPathIterator::loadLocationPaths (175 bytes)
Event: 29.943 Thread 0x000001a9f52d0800 nmethod 6243 0x000001a9e1143390 code [0x000001a9e1143640, 0x000001a9e11443c0]
Event: 29.991 Thread 0x000001a9f5bfa000 6244       1       org.apache.ibatis.scripting.xmltags.TrimSqlNode::<init> (38 bytes)
Event: 29.991 Thread 0x000001a9f52d0800 6245       1       org.apache.ibatis.mapping.ResultMap::access$1102 (7 bytes)
Event: 29.991 Thread 0x000001a9f52d0800 nmethod 6245 0x000001a9e1144a90 code [0x000001a9e1144c40, 0x000001a9e1144d98]
Event: 29.991 Thread 0x000001a9f5bfa000 nmethod 6244 0x000001a9e1144e90 code [0x000001a9e1145060, 0x000001a9e1145398]
Event: 29.991 Thread 0x000001a9f52d0800 6246       1       org.apache.ibatis.mapping.ResultMap::access$702 (7 bytes)
Event: 29.991 Thread 0x000001a9f52d0800 nmethod 6246 0x000001a9e1145410 code [0x000001a9e11455c0, 0x000001a9e1145718]

GC Heap History (10 events):
Event: 28.105 GC heap after
{Heap after GC invocations=37 (full 0):
 garbage-first heap   total 172032K, used 47764K [0x00000000a0000000, 0x0000000100000000)
  region size 1024K, 6 young (6144K), 6 survivors (6144K)
 Metaspace       used 68538K, capacity 69916K, committed 70012K, reserved 1110016K
  class space    used 8815K, capacity 9401K, committed 9420K, reserved 1048576K
}
Event: 28.367 GC heap before
{Heap before GC invocations=37 (full 0):
 garbage-first heap   total 172032K, used 141972K [0x00000000a0000000, 0x0000000100000000)
  region size 1024K, 98 young (100352K), 6 survivors (6144K)
 Metaspace       used 68550K, capacity 69916K, committed 70012K, reserved 1110016K
  class space    used 8817K, capacity 9401K, committed 9420K, reserved 1048576K
}
Event: 28.381 GC heap after
{Heap after GC invocations=38 (full 0):
 garbage-first heap   total 206848K, used 47252K [0x00000000a0000000, 0x0000000100000000)
  region size 1024K, 6 young (6144K), 6 survivors (6144K)
 Metaspace       used 68550K, capacity 69916K, committed 70012K, reserved 1110016K
  class space    used 8817K, capacity 9401K, committed 9420K, reserved 1048576K
}
Event: 28.863 GC heap before
{Heap before GC invocations=38 (full 0):
 garbage-first heap   total 206848K, used 159892K [0x00000000a0000000, 0x0000000100000000)
  region size 1024K, 116 young (118784K), 6 survivors (6144K)
 Metaspace       used 68630K, capacity 69980K, committed 70012K, reserved 1110016K
  class space    used 8827K, capacity 9401K, committed 9420K, reserved 1048576K
}
Event: 28.909 GC heap after
{Heap after GC invocations=39 (full 0):
 garbage-first heap   total 206848K, used 50836K [0x00000000a0000000, 0x0000000100000000)
  region size 1024K, 9 young (9216K), 9 survivors (9216K)
 Metaspace       used 68630K, capacity 69980K, committed 70012K, reserved 1110016K
  class space    used 8827K, capacity 9401K, committed 9420K, reserved 1048576K
}
Event: 29.314 GC heap before
{Heap before GC invocations=39 (full 0):
 garbage-first heap   total 206848K, used 165524K [0x00000000a0000000, 0x0000000100000000)
  region size 1024K, 121 young (123904K), 9 survivors (9216K)
 Metaspace       used 68901K, capacity 70268K, committed 70396K, reserved 1110016K
  class space    used 8852K, capacity 9433K, committed 9548K, reserved 1048576K
}
Event: 29.338 GC heap after
{Heap after GC invocations=40 (full 0):
 garbage-first heap   total 206848K, used 58535K [0x00000000a0000000, 0x0000000100000000)
  region size 1024K, 16 young (16384K), 16 survivors (16384K)
 Metaspace       used 68901K, capacity 70268K, committed 70396K, reserved 1110016K
  class space    used 8852K, capacity 9433K, committed 9548K, reserved 1048576K
}
Event: 29.740 GC heap before
{Heap before GC invocations=40 (full 0):
 garbage-first heap   total 206848K, used 164007K [0x00000000a0000000, 0x0000000100000000)
  region size 1024K, 119 young (121856K), 16 survivors (16384K)
 Metaspace       used 69150K, capacity 70556K, committed 70652K, reserved 1110016K
  class space    used 8878K, capacity 9465K, committed 9548K, reserved 1048576K
}
Event: 29.777 GC heap after
{Heap after GC invocations=41 (full 0):
 garbage-first heap   total 206848K, used 67822K [0x00000000a0000000, 0x0000000100000000)
  region size 1024K, 11 young (11264K), 11 survivors (11264K)
 Metaspace       used 69150K, capacity 70556K, committed 70652K, reserved 1110016K
  class space    used 8878K, capacity 9465K, committed 9548K, reserved 1048576K
}
Event: 30.022 GC heap before
{Heap before GC invocations=41 (full 0):
 garbage-first heap   total 206848K, used 164078K [0x00000000a0000000, 0x0000000100000000)
  region size 1024K, 105 young (107520K), 11 survivors (11264K)
 Metaspace       used 69385K, capacity 70780K, committed 70908K, reserved 1110016K
  class space    used 8909K, capacity 9497K, committed 9548K, reserved 1048576K
}

Deoptimization events (0 events):
No events

Classes redefined (0 events):
No events

Internal exceptions (10 events):
Event: 22.552 Thread 0x000001a9d7d97000 Exception <a 'sun/nio/fs/WindowsException'{0x00000000a6911120}> (0x00000000a6911120) thrown at [t:/workspace/open/src/hotspot/share/prims/jni.cpp, line 615]
Event: 22.552 Thread 0x000001a9d7d97000 Exception <a 'sun/nio/fs/WindowsException'{0x00000000a69114e0}> (0x00000000a69114e0) thrown at [t:/workspace/open/src/hotspot/share/prims/jni.cpp, line 615]
Event: 22.554 Thread 0x000001a9d7d97000 Exception <a 'sun/nio/fs/WindowsException'{0x00000000a6913850}> (0x00000000a6913850) thrown at [t:/workspace/open/src/hotspot/share/prims/jni.cpp, line 615]
Event: 22.592 Thread 0x000001a9d7d97000 Exception <a 'sun/nio/fs/WindowsException'{0x00000000a686eb48}> (0x00000000a686eb48) thrown at [t:/workspace/open/src/hotspot/share/prims/jni.cpp, line 615]
Event: 23.027 Thread 0x000001a9d7d97000 Exception <a 'java/lang/NoSuchMethodError'{0x00000000a6316a68}: java.lang.invoke.DirectMethodHandle$Holder.invokeStaticInit(Ljava/lang/Object;Ljava/lang/Object;Ljava/lang/Object;Ljava/lang/Object;Ljava/lang/Object;)V> (0x00000000a6316a68) thrown at [t:/wo
Event: 23.153 Thread 0x000001a9d7d97000 Exception <a 'java/lang/NoSuchMethodError'{0x00000000a5ec5cd0}: java.lang.invoke.DirectMethodHandle$Holder.newInvokeSpecial(Ljava/lang/Object;Ljava/lang/Object;Ljava/lang/Object;)Ljava/lang/Object;> (0x00000000a5ec5cd0) thrown at [t:/workspace/open/src/ho
Event: 23.561 Thread 0x000001a9d7d97000 Exception <a 'java/lang/NoSuchMethodError'{0x00000000a34f5240}: java.lang.invoke.DirectMethodHandle$Holder.invokeSpecial(Ljava/lang/Object;Ljava/lang/Object;J)V> (0x00000000a34f5240) thrown at [t:/workspace/open/src/hotspot/share/interpreter/linkResolver.
Event: 23.613 Thread 0x000001a9d7d97000 Exception <a 'java/lang/NoSuchMethodError'{0x00000000a32ca168}: java.lang.invoke.DirectMethodHandle$Holder.invokeStaticInit(Ljava/lang/Object;Ljava/lang/Object;Ljava/lang/Object;Ljava/lang/Object;)Ljava/lang/Object;> (0x00000000a32ca168) thrown at [t:/wor
Event: 24.661 Thread 0x000001a9d7d97000 Exception <a 'java/lang/NoSuchMethodError'{0x00000000a61be8d0}: java.lang.invoke.DirectMethodHandle$Holder.invokeStaticInit(Ljava/lang/Object;)V> (0x00000000a61be8d0) thrown at [t:/workspace/open/src/hotspot/share/interpreter/linkResolver.cpp, line 772]
Event: 24.664 Thread 0x000001a9d7d97000 Exception <a 'java/lang/NoSuchMethodError'{0x00000000a61f3ee8}: org.slf4j.impl.StaticMarkerBinder.getSingleton()Lorg/slf4j/impl/StaticMarkerBinder;> (0x00000000a61f3ee8) thrown at [t:/workspace/open/src/hotspot/share/interpreter/linkResolver.cpp, line 772

Events (10 events):
Event: 29.941 loading class org/camunda/bpm/engine/history/HistoricDecisionOutputInstance done
Event: 29.950 loading class org/camunda/bpm/engine/impl/HistoricDecisionInstanceQueryImpl
Event: 29.950 loading class org/camunda/bpm/engine/impl/HistoricDecisionInstanceQueryImpl done
Event: 29.985 loading class org/camunda/bpm/engine/impl/CleanableHistoricDecisionInstanceReportImpl
Event: 29.985 loading class org/camunda/bpm/engine/impl/CleanableHistoricDecisionInstanceReportImpl done
Event: 30.009 loading class org/camunda/bpm/engine/impl/history/event/HistoricDecisionInputInstanceEntity
Event: 30.009 loading class org/camunda/bpm/engine/impl/history/event/HistoricDecisionInputInstanceEntity done
Event: 30.019 loading class org/camunda/bpm/engine/impl/history/event/HistoricDecisionOutputInstanceEntity
Event: 30.019 loading class org/camunda/bpm/engine/impl/history/event/HistoricDecisionOutputInstanceEntity done
Event: 30.022 Executing VM operation: G1CollectForAllocation


Dynamic libraries:
0x00007ff666760000 - 0x00007ff6667a5000 	C:\Dev\Softwares\Softwares\openjdk-11.0.2_windows-x64_bin\jdk-11.0.2\bin\javaw.exe
0x00007fff32b50000 - 0x00007fff32d48000 	C:\Windows\SYSTEM32\ntdll.dll
0x00007fff323c0000 - 0x00007fff3247f000 	C:\Windows\System32\KERNEL32.DLL
0x00007fff303e0000 - 0x00007fff306d6000 	C:\Windows\System32\KERNELBASE.dll
0x00007fff31560000 - 0x00007fff316fd000 	C:\Windows\System32\USER32.dll
0x00007fff30a60000 - 0x00007fff30a82000 	C:\Windows\System32\win32u.dll
0x00007fff31420000 - 0x00007fff3144c000 	C:\Windows\System32\GDI32.dll
0x00007fff307e0000 - 0x00007fff308f5000 	C:\Windows\System32\gdi32full.dll
0x00007fff30b10000 - 0x00007fff30bad000 	C:\Windows\System32\msvcp_win.dll
0x00007fff306e0000 - 0x00007fff307e0000 	C:\Windows\System32\ucrtbase.dll
0x00007fff19410000 - 0x00007fff196aa000 	C:\Windows\WinSxS\amd64_microsoft.windows.common-controls_6595b64144ccf1df_6.0.19041.1110_none_60b5254171f9507e\COMCTL32.dll
0x00007fff32210000 - 0x00007fff322ae000 	C:\Windows\System32\msvcrt.dll
0x00007fff328d0000 - 0x00007fff32900000 	C:\Windows\System32\IMM32.DLL
0x00007fff30040000 - 0x00007fff30078000 	C:\Program Files\Citrix\HDX\bin\MfApHook.dll
0x00007fff30030000 - 0x00007fff30040000 	C:\Program Files\Citrix\HDX\bin\FullScreenHook.dll
0x00007fff32900000 - 0x00007fff329af000 	C:\Windows\System32\ADVAPI32.dll
0x00007fff30f10000 - 0x00007fff30fac000 	C:\Windows\System32\sechost.dll
0x00007fff31f50000 - 0x00007fff32076000 	C:\Windows\System32\RPCRT4.dll
0x00007fff0ef70000 - 0x00007fff0ef86000 	C:\Dev\Softwares\Softwares\openjdk-11.0.2_windows-x64_bin\jdk-11.0.2\bin\VCRUNTIME140.dll
0x00007fff2ff50000 - 0x00007fff2ff5c000 	C:\Windows\SYSTEM32\VCRUNTIME140_1.dll
0x00007fff0a290000 - 0x00007fff0a33a000 	C:\Dev\Softwares\Softwares\openjdk-11.0.2_windows-x64_bin\jdk-11.0.2\bin\MSVCP140.dll
0x00007fff2fde0000 - 0x00007fff2fe0d000 	C:\Program Files\Citrix\HDX\bin\ShellHook.dll
0x00007fff2fcb0000 - 0x00007fff2fdd9000 	C:\Program Files\Citrix\HDX\bin\SCardHook.dll
0x00007fff2fc60000 - 0x00007fff2fc7e000 	C:\Program Files\Citrix\HDX\bin\CxInjIme.dll
0x00007fff2fc30000 - 0x00007fff2fc58000 	C:\Program Files\Citrix\HDX\bin\PicaWtsHook.dll
0x00007ffed04c0000 - 0x00007ffed0fe3000 	C:\Dev\Softwares\Softwares\openjdk-11.0.2_windows-x64_bin\jdk-11.0.2\bin\server\jvm.dll
0x00007fff2bd50000 - 0x00007fff2bd77000 	C:\Windows\SYSTEM32\WINMM.dll
0x00007fff329b0000 - 0x00007fff329b8000 	C:\Windows\System32\PSAPI.DLL
0x00007fff2fe30000 - 0x00007fff2fe3a000 	C:\Windows\SYSTEM32\VERSION.dll
0x00007fff2bb10000 - 0x00007fff2bb19000 	C:\Windows\SYSTEM32\WSOCK32.dll
0x00007fff32aa0000 - 0x00007fff32b0b000 	C:\Windows\System32\WS2_32.dll
0x00007fff2e6f0000 - 0x00007fff2e702000 	C:\Windows\SYSTEM32\kernel.appcore.dll
0x00007fff0ea10000 - 0x00007fff0ea21000 	C:\Dev\Softwares\Softwares\openjdk-11.0.2_windows-x64_bin\jdk-11.0.2\bin\verify.dll
0x00007fff2dff0000 - 0x00007fff2e1d4000 	C:\Windows\SYSTEM32\DBGHELP.DLL
0x00007fff1da20000 - 0x00007fff1da54000 	C:\Windows\SYSTEM32\dbgcore.DLL
0x00007fff302e0000 - 0x00007fff30362000 	C:\Windows\System32\bcryptPrimitives.dll
0x00007fff0d790000 - 0x00007fff0d7b8000 	C:\Dev\Softwares\Softwares\openjdk-11.0.2_windows-x64_bin\jdk-11.0.2\bin\java.dll
0x00007fff0e8d0000 - 0x00007fff0e8e6000 	C:\Dev\Softwares\Softwares\openjdk-11.0.2_windows-x64_bin\jdk-11.0.2\bin\zip.dll
0x00007fff21560000 - 0x00007fff2156a000 	C:\Dev\Softwares\Softwares\openjdk-11.0.2_windows-x64_bin\jdk-11.0.2\bin\jimage.dll
0x00007fff31700000 - 0x00007fff31e44000 	C:\Windows\System32\SHELL32.dll
0x00007fff2d850000 - 0x00007fff2dfe3000 	C:\Windows\SYSTEM32\windows.storage.dll
0x00007fff30bb0000 - 0x00007fff30f04000 	C:\Windows\System32\combase.dll
0x00007fff2f7c0000 - 0x00007fff2f7ee000 	C:\Windows\SYSTEM32\Wldp.dll
0x00007fff31450000 - 0x00007fff314fd000 	C:\Windows\System32\SHCORE.dll
0x00007fff32590000 - 0x00007fff325e5000 	C:\Windows\System32\shlwapi.dll
0x00007fff30170000 - 0x00007fff3018f000 	C:\Windows\SYSTEM32\profapi.dll
0x00007fff0de50000 - 0x00007fff0de69000 	C:\Dev\Softwares\Softwares\openjdk-11.0.2_windows-x64_bin\jdk-11.0.2\bin\net.dll
0x00007fff2edc0000 - 0x00007fff2eeca000 	C:\Windows\SYSTEM32\WINHTTP.dll
0x00007fff248c0000 - 0x00007fff24aac000 	C:\Windows\SYSTEM32\urlmon.dll
0x00007fff2e9e0000 - 0x00007fff2ea08000 	C:\Windows\SYSTEM32\srvcli.dll
0x00007fff2f320000 - 0x00007fff2f32c000 	C:\Windows\SYSTEM32\netutils.dll
0x00007fff26070000 - 0x00007fff26321000 	C:\Windows\SYSTEM32\iertutil.dll
0x00007fff2f520000 - 0x00007fff2f58a000 	C:\Windows\system32\mswsock.dll
0x00007fff0d770000 - 0x00007fff0d783000 	C:\Dev\Softwares\Softwares\openjdk-11.0.2_windows-x64_bin\jdk-11.0.2\bin\nio.dll
0x00007fff1d840000 - 0x00007fff1d849000 	C:\Dev\Softwares\Softwares\openjdk-11.0.2_windows-x64_bin\jdk-11.0.2\bin\management.dll
0x00007fff1c230000 - 0x00007fff1c23c000 	C:\Dev\Softwares\Softwares\openjdk-11.0.2_windows-x64_bin\jdk-11.0.2\bin\management_ext.dll
0x00007fff1b160000 - 0x00007fff1b177000 	C:\Windows\system32\napinsp.dll
0x00007fff1b660000 - 0x00007fff1b67b000 	C:\Windows\system32\pnrpnsp.dll
0x00007fff1b600000 - 0x00007fff1b615000 	C:\Windows\system32\wshbth.dll
0x00007fff2a520000 - 0x00007fff2a53d000 	C:\Windows\system32\NLAapi.dll
0x00007fff2f210000 - 0x00007fff2f24c000 	C:\Windows\SYSTEM32\IPHLPAPI.DLL
0x00007fff2f250000 - 0x00007fff2f31b000 	C:\Windows\SYSTEM32\DNSAPI.dll
0x00007fff329c0000 - 0x00007fff329c8000 	C:\Windows\System32\NSI.dll
0x00007fff1c5e0000 - 0x00007fff1c5f2000 	C:\Windows\System32\winrnr.dll
0x00007fff280f0000 - 0x00007fff280fa000 	C:\Windows\System32\rasadhlp.dll
0x00007fff2a160000 - 0x00007fff2a1e2000 	C:\Windows\System32\fwpuclnt.dll
0x00007fff30a90000 - 0x00007fff30ab7000 	C:\Windows\System32\bcrypt.dll
0x00007fff2f710000 - 0x00007fff2f728000 	C:\Windows\SYSTEM32\CRYPTSP.dll
0x00007fff2ed30000 - 0x00007fff2ed64000 	C:\Windows\system32\rsaenh.dll
0x00007fff300a0000 - 0x00007fff300ce000 	C:\Windows\SYSTEM32\USERENV.dll
0x00007fff2f730000 - 0x00007fff2f73c000 	C:\Windows\SYSTEM32\CRYPTBASE.dll
0x00007fff29d60000 - 0x00007fff29d77000 	C:\Windows\SYSTEM32\dhcpcsvc6.DLL
0x00007fff29c60000 - 0x00007fff29c7d000 	C:\Windows\SYSTEM32\dhcpcsvc.DLL
0x00007fff196b0000 - 0x00007fff196bd000 	C:\Dev\Softwares\Softwares\openjdk-11.0.2_windows-x64_bin\jdk-11.0.2\bin\sunmscapi.dll
0x00007fff30900000 - 0x00007fff30a5e000 	C:\Windows\System32\CRYPT32.dll
0x00007fff2f830000 - 0x00007fff2f858000 	C:\Windows\SYSTEM32\ncrypt.dll
0x00007fff2f7f0000 - 0x00007fff2f82b000 	C:\Windows\SYSTEM32\NTASN1.dll
0x00007fff135d0000 - 0x00007fff135f7000 	C:\Dev\Softwares\Softwares\openjdk-11.0.2_windows-x64_bin\jdk-11.0.2\bin\sunec.dll

dbghelp: loaded successfully - version: 4.0.5 - missing functions: none
symbol engine: initialized successfully - sym options: 0x614 - pdb path: .;C:\Dev\Softwares\Softwares\openjdk-11.0.2_windows-x64_bin\jdk-11.0.2\bin;C:\Windows\SYSTEM32;C:\Windows\WinSxS\amd64_microsoft.windows.common-controls_6595b64144ccf1df_6.0.19041.1110_none_60b5254171f9507e;C:\Program Files\Citrix\HDX\bin;C:\Dev\Softwares\Softwares\openjdk-11.0.2_windows-x64_bin\jdk-11.0.2\bin\server

VM Arguments:
jvm_args: -Dcom.sun.management.jmxremote -Dcom.sun.management.jmxremote.port=56453 -Dcom.sun.management.jmxremote.authenticate=false -Dcom.sun.management.jmxremote.ssl=false -Djava.rmi.server.hostname=localhost -Dspring.jmx.enabled=true -Dspring.liveBeansView.mbeanDomain -Dspring.application.admin.enabled=true -XX:TieredStopAtLevel=1 -Dspring.boot.project.name=bpmnModelPoc -Dfile.encoding=UTF-8 
java_command: com.camunda.bpmn.modelpoc.Application --spring.output.ansi.enabled=always
java_class_path (initial): C:\Users\Tushar.Panchbude\OneDrive - Vodafone Group\Desktop\Dev\bpmnModelPoc\target\classes;C:\Users\Tushar.Panchbude\.m2\repository\org\camunda\bpm\springboot\camunda-bpm-spring-boot-starter-rest\7.18.0\camunda-bpm-spring-boot-starter-rest-7.18.0.jar;C:\Users\Tushar.Panchbude\.m2\repository\org\camunda\bpm\springboot\camunda-bpm-spring-boot-starter\7.18.0\camunda-bpm-spring-boot-starter-7.18.0.jar;C:\Users\Tushar.Panchbude\.m2\repository\org\camunda\bpm\camunda-engine-spring\7.18.0\camunda-engine-spring-7.18.0.jar;C:\Users\Tushar.Panchbude\.m2\repository\org\camunda\bpm\camunda-engine\7.18.0\camunda-engine-7.18.0.jar;C:\Users\Tushar.Panchbude\.m2\repository\org\camunda\bpm\model\camunda-bpmn-model\7.18.0\camunda-bpmn-model-7.18.0.jar;C:\Users\Tushar.Panchbude\.m2\repository\org\camunda\bpm\model\camunda-cmmn-model\7.18.0\camunda-cmmn-model-7.18.0.jar;C:\Users\Tushar.Panchbude\.m2\repository\org\camunda\bpm\dmn\camunda-engine-dmn\7.18.0\camunda-engine-dmn-7.18.0.jar;C:\Users\Tushar.Panchbude\.m2\repository\org\camunda\bpm\model\camunda-dmn-model\7.18.0\camunda-dmn-model-7.18.0.jar;C:\Users\Tushar.Panchbude\.m2\repository\org\camunda\bpm\dmn\camunda-engine-feel-api\7.18.0\camunda-engine-feel-api-7.18.0.jar;C:\Users\Tushar.Panchbude\.m2\repository\org\camunda\bpm\dmn\camunda-engine-feel-juel\7.18.0\camunda-engine-feel-juel-7.18.0.jar;C:\Users\Tushar.Panchbude\.m2\repository\org\camunda\bpm\dmn\camunda-engine-feel-scala\7.18.0\camunda-engine-feel-scala-7.18.0.jar;C:\Users\Tushar.Panchbude\.m2\repository\org\camunda\feel\feel-engine\1.14.2\feel-engine-1.14.2-scala-shaded.jar;C:\Users\Tushar.Panchbude\.m2\repository\org\camunda\commons\camunda-commons-typed-values\7.18.0\camunda-commons-typed-values-7.18.0.jar;C:\Users\Tushar.Panchbude\.m2\repository\org\mybatis\mybatis\3.5.6\mybatis-3.5.6.jar;C:\Users\Tushar.Panchbude\.m2\repository\joda-time\joda-time\2.1\joda-time-2.1.jar;C:\Users\Tushar.Panchbude\.m2\repository\org\camunda\connect\camunda
Launcher Type: SUN_STANDARD

[Global flags]
     intx CICompilerCount                          = 2                                         {product} {ergonomic}
     uint ConcGCThreads                            = 1                                         {product} {ergonomic}
     uint G1ConcRefinementThreads                  = 2                                         {product} {ergonomic}
   size_t G1HeapRegionSize                         = 1048576                                   {product} {ergonomic}
    uintx GCDrainStackTargetSize                   = 64                                        {product} {ergonomic}
   size_t InitialHeapSize                          = 100663296                                 {product} {ergonomic}
     bool ManagementServer                         = true                                      {product} {command line}
   size_t MarkStackSize                            = 4194304                                   {product} {ergonomic}
   size_t MaxHeapSize                              = 1610612736                                {product} {ergonomic}
   size_t MaxNewSize                               = 965738496                                 {product} {ergonomic}
   size_t MinHeapDeltaBytes                        = 1048576                                   {product} {ergonomic}
    uintx NonNMethodCodeHeapSize                   = 6396312                                {pd product} {ergonomic}
    uintx NonProfiledCodeHeapSize                  = 245261928                              {pd product} {ergonomic}
    uintx ProfiledCodeHeapSize                     = 0                                      {pd product} {ergonomic}
    uintx ReservedCodeCacheSize                    = 251658240                              {pd product} {ergonomic}
     bool SegmentedCodeCache                       = true                                      {product} {ergonomic}
     intx TieredStopAtLevel                        = 1                                         {product} {command line}
     bool UseCompressedClassPointers               = true                                 {lp64_product} {ergonomic}
     bool UseCompressedOops                        = true                                 {lp64_product} {ergonomic}
     bool UseG1GC                                  = true                                      {product} {ergonomic}
     bool UseLargePagesIndividualAllocation        = false                                  {pd product} {ergonomic}

Logging:
Log output configuration:
 #0: stdout all=warning uptime,level,tags
 #1: stderr all=off uptime,level,tags

Environment Variables:
JAVA_HOME=C:\Dev\Softwares\Softwares\openjdk-11.0.2_windows-x64_bin\jdk-11.0.2
CLASSPATH=C:\Dev\Softwares\Softwares\openjdk-11.0.2_windows-x64_bin\jdk-11.0.2\lib;C:\Dev\Softwares\Softwares\openjdk-11.0.2_windows-x64_bin\jdk-11.0.2\jre\lib
PATH=C:\Program Files (x86)\Common Files\Oracle\Java\javapath;C:\Windows\system32;C:\Windows;C:\Windows\System32\Wbem;C:\Windows\System32\WindowsPowerShell\v1.0\;C:\Windows\System32\OpenSSH\;C:\Program Files (x86)\Citrix\HDX\bin\;C:\Program Files\Citrix\HDX\bin\;c:\Program Files (x86)\JetBrains\PyCharm Community Edition 2021.3\bin;C:\Users\Tushar.Panchbude\AppData\Local\Microsoft\WindowsApps;C:\Dev\Softwares\Softwares\openjdk-11.0.2_windows-x64_bin\jdk-11.0.2\bin;C:\Dev\Softwares\Git\cmd;C:\Users\Tushar.Panchbude\AppData\Local\JetBrains\PyCharm Community Edition 2023.1.2\bin;;C:\Dev\py\Scripts;C:\Dev\py;
USERNAME=Tushar.Panchbude
OS=Windows_NT
PROCESSOR_IDENTIFIER=Intel64 Family 6 Model 63 Stepping 0, GenuineIntel



---------------  S Y S T E M  ---------------

OS: Windows 10 , 64 bit Build 19041 (10.0.19041.2913)

CPU:total 2 (initial active 2) (1 cores per cpu, 1 threads per core) family 6 model 63 stepping 0, cmov, cx8, fxsr, mmx, sse, sse2, sse3, ssse3, sse4.1, sse4.2, popcnt, avx, avx2, aes, clmul, erms, lzcnt, tsc, tscinvbit, bmi1, bmi2, fma

Memory: 4k page, system-wide physical 6143M (73M free)
TotalPageFile size 9215M (AvailPageFile size 174M)
current process WorkingSet (physical memory assigned to process): 312M, peak: 322M
current process commit charge ("private bytes"): 375M, peak: 572M

vm_info: OpenJDK 64-Bit Server VM (11.0.2+9) for windows-amd64 JRE (11.0.2+9), built on Jan 18 2019 05:23:22 by "mach5one" with MS VC++ 15.5 (VS2017)

END.
